5.2511 	EXP 	Created window1 = Window(allowGUI=True, allowStencil=False, autoLog=True, backendConf=UNKNOWN, backgroundFit=<method-wrapper '__getattribute__' of attributeSetter object at 0x000001764C5EDC70>, backgroundImage=<method-wrapper '__getattribute__' of attributeSetter object at 0x000001764C5EDC10>, bitsMode=UNKNOWN, blendMode='avg', bpc=(8, 8, 8), color=array([0, 0, 0]), colorSpace='rgb', depthBits=8, fullscr=<method-wrapper '__getattribute__' of attributeSetter object at 0x000001764C5EDA60>, gamma=None, gammaErrorPolicy='raise', lms=UNKNOWN, monitor=<psychopy.monitors.calibTools.Monitor object at 0x000001764CB2D700>, multiSample=False, name='window1', numSamples=2, pos=(560, 140), screen=0, size=array([800, 800]), stencilBits=0, stereo=False, title='PsychoPy', units='height', useFBO=True, useRetina=False, viewOri=0.0, viewPos=None, viewScale=None, waitBlanking=True, winType='pyglet')
5.2511 	EXP 	window1: mouseVisible = True
5.2511 	EXP 	window1: backgroundImage = ''
5.2511 	EXP 	window1: backgroundFit = 'none'
5.2519 	EXP 	window1: Attempting to measure frame rate of screen (0) ...
5.2519 	EXP 	window1: recordFrameIntervals = False
5.2969 	EXP 	window1: recordFrameIntervals = True
5.3097 	WARNING 	t of last frame was 9.25ms (=1/108)
5.3261 	WARNING 	t of last frame was 9.03ms (=1/110)
5.3430 	WARNING 	t of last frame was 9.14ms (=1/109)
5.3600 	WARNING 	t of last frame was 9.54ms (=1/104)
5.3765 	WARNING 	Multiple dropped frames have occurred - I'll stop bothering you about them!
5.5522 	EXP 	Screen (0) actual frame rate measured at 239.52Hz
5.5522 	EXP 	window1: recordFrameIntervals = False
5.5523 	EXP 	window1: mouseVisible = True
5.5778 	WARNING 	launchHubServer: If using the iohub mouse or eyetracker devices, fullScr should be True.
6.8310 	EXP 	dinoGame: status = STARTED
6.8312 	EXP 	window1: mouseVisible = True
6.8696 	EXP 	Created text1 = TextStim(__class__=<class 'psychopy.visual.text.TextStim'>, alignHoriz=method-wrapper(...), alignText='center', alignVert=method-wrapper(...), anchorHoriz='center', anchorVert='center', antialias=True, autoDraw=False, autoLog=True, bold=False, color=array([1., 1., 1.]), colorSpace='rgb', contrast=1.0, depth=0.0, draggable=False, flipHoriz=False, flipVert=False, font='Open Sans', fontFiles=[], height=0.05, italic=False, languageStyle='LTR', name='text1', opacity=1.0, ori=0.0, pos=array([0., 0.]), rgb=UNKNOWN, text='waiting for data', units='height', win=Window(...), wrapWidth=1)
0.0295 	EXP 	window1: mouseVisible = True
