4.3290 	WARNING 	User requested fullscreen with size [1024  768], but screen is actually [1920, 1080]. Using actual size
4.6429 	EXP 	Created window1 = Window(allowGUI=True, allowStencil=False, autoLog=True, backendConf=UNKNOWN, backgroundFit=<method-wrapper '__getattribute__' of attributeSetter object at 0x000002B8D9E2F2E0>, backgroundImage=<method-wrapper '__getattribute__' of attributeSetter object at 0x000002B8D9E2F280>, bitsMode=UNKNOWN, blendMode='avg', bpc=(8, 8, 8), color=array([0, 0, 0]), colorSpace='rgb', depthBits=8, fullscr=<method-wrapper '__getattribute__' of attributeSetter object at 0x000002B8D9E2F0D0>, gamma=None, gammaErrorPolicy='raise', lms=UNKNOWN, monitor=<psychopy.monitors.calibTools.Monitor object at 0x000002B8DA32E280>, multiSample=False, name='window1', numSamples=2, pos=(0, 0), screen=0, size=array([1920, 1080]), stencilBits=0, stereo=False, title='PsychoPy', units='height', useFBO=True, useRetina=False, viewOri=0.0, viewPos=None, viewScale=None, waitBlanking=True, winType='pyglet')
4.6429 	EXP 	window1: mouseVisible = True
4.6429 	EXP 	window1: backgroundImage = ''
4.6429 	EXP 	window1: backgroundFit = 'none'
4.6437 	EXP 	window1: Attempting to measure frame rate of screen (0) ...
4.6437 	EXP 	window1: recordFrameIntervals = False
4.6844 	EXP 	window1: recordFrameIntervals = True
4.7304 	EXP 	Screen (0) actual frame rate measured at 239.28Hz
4.7304 	EXP 	window1: recordFrameIntervals = False
4.7305 	EXP 	window1: mouseVisible = False
6.0099 	EXP 	dinoGame: status = STARTED
6.0109 	EXP 	window1: mouseVisible = True
6.0390 	EXP 	Created text1 = TextStim(__class__=<class 'psychopy.visual.text.TextStim'>, alignHoriz=method-wrapper(...), alignText='center', alignVert=method-wrapper(...), anchorHoriz='center', anchorVert='center', antialias=True, autoDraw=False, autoLog=True, bold=False, color=array([1., 1., 1.]), colorSpace='rgb', contrast=1.0, depth=0.0, draggable=False, flipHoriz=False, flipVert=False, font='Open Sans', fontFiles=[], height=0.05, italic=False, languageStyle='LTR', name='text1', opacity=1.0, ori=0.0, pos=array([0., 0.]), rgb=UNKNOWN, text='', units='height', win=Window(...), wrapWidth=1)
1.0935 	EXP 	text1: autoDraw = True
9.1408 	DATA 	Mouse: Left button down, pos=(821,688)
9.1409 	DATA 	Mouse:  Left button up, pos=(821,688)
11.3176 	EXP 	dinoGame: status = STOPPED
11.3194 	DATA 	Keypress: escape
11.3198 	DATA 	Keypress: escape
11.3199 	DATA 	Keypress: escape
11.3200 	DATA 	Keypress: escape
11.3201 	DATA 	Keypress: space
11.3286 	EXP 	text1: autoDraw = False
11.3287 	EXP 	dinoGame: status = STOPPED
11.5875 	EXP 	window1: mouseVisible = True
