4.6642 	EXP 	Created window1 = Window(allowGUI=True, allowStencil=False, autoLog=True, backendConf=UNKNOWN, backgroundFit=<method-wrapper '__getattribute__' of attributeSetter object at 0x000001AEAF708BE0>, backgroundImage=<method-wrapper '__getattribute__' of attributeSetter object at 0x000001AEAF708B80>, bitsMode=UNKNOWN, blendMode='avg', bpc=(8, 8, 8), color=array([0, 0, 0]), colorSpace='rgb', depthBits=8, fullscr=<method-wrapper '__getattribute__' of attributeSetter object at 0x000001AEAF7089A0>, gamma=None, gammaErrorPolicy='raise', lms=UNKNOWN, monitor=<psychopy.monitors.calibTools.Monitor object at 0x000001AEAFB91BB0>, multiSample=False, name='window1', numSamples=2, pos=(560, 140), screen=0, size=array([800, 800]), stencilBits=0, stereo=False, title='PsychoPy', units='height', useFBO=True, useRetina=False, viewOri=0.0, viewPos=None, viewScale=None, waitBlanking=True, winType='pyglet')
4.6643 	EXP 	window1: mouseVisible = True
4.6643 	EXP 	window1: backgroundImage = ''
4.6643 	EXP 	window1: backgroundFit = 'none'
4.6651 	EXP 	window1: Attempting to measure frame rate of screen (0) ...
4.6652 	EXP 	window1: recordFrameIntervals = False
4.7145 	EXP 	window1: recordFrameIntervals = True
4.7393 	WARNING 	t of last frame was 8.64ms (=1/115)
4.7561 	WARNING 	t of last frame was 8.87ms (=1/112)
4.7726 	WARNING 	t of last frame was 8.71ms (=1/114)
4.7812 	WARNING 	t of last frame was 5.13ms (=1/195)
4.7896 	WARNING 	Multiple dropped frames have occurred - I'll stop bothering you about them!
4.9147 	EXP 	Screen (0) actual frame rate measured at 238.99Hz
4.9147 	EXP 	window1: recordFrameIntervals = False
4.9147 	EXP 	window1: mouseVisible = True
5.0674 	WARNING 	launchHubServer: If using the iohub mouse or eyetracker devices, fullScr should be True.
6.9599 	EXP 	PSURP: status = STARTED
6.9602 	EXP 	window1: mouseVisible = True
7.1147 	EXP 	Created t_reset_PSURP = TextStim(__class__=<class 'psychopy.visual.text.TextStim'>, alignHoriz=method-wrapper(...), alignText='center', alignVert=method-wrapper(...), anchorHoriz='center', anchorVert='center', antialias=True, autoDraw=False, autoLog=True, bold=False, color=array([1., 1., 1.]), colorSpace='rgb', contrast=1.0, depth=0.0, draggable=False, flipHoriz=False, flipVert=False, font='Open Sans', fontFiles=[], height=0.05, italic=False, languageStyle='LTR', name='t_reset_PSURP', opacity=1.0, ori=0.0, pos=array([0., 0.]), rgb=UNKNOWN, text='reseting PSURP', units='height', win=Window(...), wrapWidth=1)
7.1148 	EXP 	window1: mouseVisible = True
7.1218 	EXP 	Created t_tare = TextStim(__class__=<class 'psychopy.visual.text.TextStim'>, alignHoriz=method-wrapper(...), alignText='center', alignVert=method-wrapper(...), anchorHoriz='center', anchorVert='center', antialias=True, autoDraw=False, autoLog=True, bold=False, color=array([1., 1., 1.]), colorSpace='rgb', contrast=1.0, depth=0.0, draggable=False, flipHoriz=False, flipVert=False, font='Open Sans', fontFiles=[], height=0.05, italic=False, languageStyle='LTR', name='t_tare', opacity=1.0, ori=0.0, pos=array([0., 0.]), rgb=UNKNOWN, text='loading each cell with 1 sec delay', units='height', win=Window(...), wrapWidth=1)
7.1219 	EXP 	window1: mouseVisible = True
7.1247 	EXP 	Created T_RUNE = TextStim(__class__=<class 'psychopy.visual.text.TextStim'>, alignHoriz=method-wrapper(...), alignText='center', alignVert=method-wrapper(...), anchorHoriz='center', anchorVert='center', antialias=True, autoDraw=False, autoLog=True, bold=False, color=array([1., 1., 1.]), colorSpace='rgb', contrast=1.0, depth=0.0, draggable=False, flipHoriz=False, flipVert=False, font='Open Sans', fontFiles=[], height=0.05, italic=False, languageStyle='LTR', name='T_RUNE', opacity=1.0, ori=0.0, pos=array([0., 0.]), rgb=UNKNOWN, text='Entering streaming mode ...', units='height', win=Window(...), wrapWidth=1)
7.1248 	EXP 	window1: mouseVisible = True
7.1275 	EXP 	Created feedback_text = TextStim(__class__=<class 'psychopy.visual.text.TextStim'>, alignHoriz=method-wrapper(...), alignText='center', alignVert=method-wrapper(...), anchorHoriz='center', anchorVert='center', antialias=True, autoDraw=False, autoLog=True, bold=False, color=array([1., 1., 1.]), colorSpace='rgb', contrast=1.0, depth=0.0, draggable=False, flipHoriz=False, flipVert=False, font='Open Sans', fontFiles=[], height=0.05, italic=False, languageStyle='LTR', name='feedback_text', opacity=1.0, ori=0.0, pos=array([0., 0.]), rgb=UNKNOWN, text='Loading forces...', units='height', win=Window(...), wrapWidth=1)
0.0178 	EXP 	t_reset_PSURP: autoDraw = True
1.0069 	EXP 	t_reset_PSURP: autoDraw = False
1.0069 	EXP 	t_tare: autoDraw = True
6.0076 	EXP 	t_tare: autoDraw = False
6.0076 	EXP 	T_RUNE: autoDraw = True
7.0115 	EXP 	window1: mouseVisible = True
