4.0740 	EXP 	Created window1 = Window(allowGUI=True, allowStencil=False, autoLog=True, backendConf=UNKNOWN, backgroundFit=<method-wrapper '__getattribute__' of attributeSetter object at 0x0000015FF8AD53A0>, backgroundImage=<method-wrapper '__getattribute__' of attributeSetter object at 0x0000015FF8AD5340>, bitsMode=UNKNOWN, blendMode='avg', bpc=(8, 8, 8), color=array([0, 0, 0]), colorSpace='rgb', depthBits=8, fullscr=<method-wrapper '__getattribute__' of attributeSetter object at 0x0000015FF8AD5190>, gamma=None, gammaErrorPolicy='raise', lms=UNKNOWN, monitor=<psychopy.monitors.calibTools.Monitor object at 0x0000015FF8F52370>, multiSample=False, name='window1', numSamples=2, pos=(560, 140), screen=0, size=array([800, 800]), stencilBits=0, stereo=False, title='PsychoPy', units='height', useFBO=True, useRetina=False, viewOri=0.0, viewPos=None, viewScale=None, waitBlanking=True, winType='pyglet')
4.0742 	EXP 	window1: mouseVisible = True
4.0743 	EXP 	window1: backgroundImage = ''
4.0743 	EXP 	window1: backgroundFit = 'none'
4.0756 	EXP 	window1: Attempting to measure frame rate of screen (0) ...
4.0756 	EXP 	window1: recordFrameIntervals = False
4.1186 	EXP 	window1: recordFrameIntervals = True
4.1686 	WARNING 	t of last frame was 8.39ms (=1/119)
4.2020 	WARNING 	t of last frame was 8.50ms (=1/117)
4.2355 	WARNING 	t of last frame was 8.66ms (=1/115)
4.2527 	WARNING 	t of last frame was 8.93ms (=1/112)
4.2690 	WARNING 	Multiple dropped frames have occurred - I'll stop bothering you about them!
4.3940 	EXP 	Screen (0) actual frame rate measured at 240.62Hz
4.3940 	EXP 	window1: recordFrameIntervals = False
4.3941 	EXP 	window1: mouseVisible = True
4.4205 	WARNING 	launchHubServer: If using the iohub mouse or eyetracker devices, fullScr should be True.
5.7721 	EXP 	PSURP: status = STARTED
5.7725 	EXP 	window1: mouseVisible = True
5.8124 	EXP 	Created t_reset_PSURP = TextStim(__class__=<class 'psychopy.visual.text.TextStim'>, alignHoriz=method-wrapper(...), alignText='center', alignVert=method-wrapper(...), anchorHoriz='center', anchorVert='center', antialias=True, autoDraw=False, autoLog=True, bold=False, color=array([1., 1., 1.]), colorSpace='rgb', contrast=1.0, depth=0.0, draggable=False, flipHoriz=False, flipVert=False, font='Open Sans', fontFiles=[], height=0.05, italic=False, languageStyle='LTR', name='t_reset_PSURP', opacity=1.0, ori=0.0, pos=array([0., 0.]), rgb=UNKNOWN, text='reseting PSURP', units='height', win=Window(...), wrapWidth=1)
5.8125 	EXP 	window1: mouseVisible = True
5.8181 	EXP 	Created t_tare = TextStim(__class__=<class 'psychopy.visual.text.TextStim'>, alignHoriz=method-wrapper(...), alignText='center', alignVert=method-wrapper(...), anchorHoriz='center', anchorVert='center', antialias=True, autoDraw=False, autoLog=True, bold=False, color=array([1., 1., 1.]), colorSpace='rgb', contrast=1.0, depth=0.0, draggable=False, flipHoriz=False, flipVert=False, font='Open Sans', fontFiles=[], height=0.05, italic=False, languageStyle='LTR', name='t_tare', opacity=1.0, ori=0.0, pos=array([0., 0.]), rgb=UNKNOWN, text='loading each cell with 1 sec delay', units='height', win=Window(...), wrapWidth=1)
5.8182 	EXP 	window1: mouseVisible = True
5.8210 	EXP 	Created T_RUNE = TextStim(__class__=<class 'psychopy.visual.text.TextStim'>, alignHoriz=method-wrapper(...), alignText='center', alignVert=method-wrapper(...), anchorHoriz='center', anchorVert='center', antialias=True, autoDraw=False, autoLog=True, bold=False, color=array([1., 1., 1.]), colorSpace='rgb', contrast=1.0, depth=0.0, draggable=False, flipHoriz=False, flipVert=False, font='Open Sans', fontFiles=[], height=0.05, italic=False, languageStyle='LTR', name='T_RUNE', opacity=1.0, ori=0.0, pos=array([0., 0.]), rgb=UNKNOWN, text='Entering streaming mode ...', units='height', win=Window(...), wrapWidth=1)
5.8210 	EXP 	window1: mouseVisible = True
5.8233 	EXP 	Created feedback_text = TextStim(__class__=<class 'psychopy.visual.text.TextStim'>, alignHoriz=method-wrapper(...), alignText='center', alignVert=method-wrapper(...), anchorHoriz='center', anchorVert='center', antialias=True, autoDraw=False, autoLog=True, bold=False, color=array([1., 1., 1.]), colorSpace='rgb', contrast=1.0, depth=0.0, draggable=False, flipHoriz=False, flipVert=False, font='Open Sans', fontFiles=[], height=0.05, italic=False, languageStyle='LTR', name='feedback_text', opacity=1.0, ori=0.0, pos=array([0., 0.]), rgb=UNKNOWN, text='Loading forces...', units='height', win=Window(...), wrapWidth=1)
0.0143 	EXP 	t_reset_PSURP: autoDraw = True
6.1250 	EXP 	t_reset_PSURP: autoDraw = False
6.1250 	EXP 	t_tare: autoDraw = False
6.1250 	EXP 	T_RUNE: autoDraw = True
7.0153 	EXP 	window1: mouseVisible = True
