4.4354 	EXP 	Created window1 = Window(allowGUI=True, allowStencil=False, autoLog=True, backendConf=UNKNOWN, backgroundFit=<method-wrapper '__getattribute__' of attributeSetter object at 0x0000026EFEAE23D0>, backgroundImage=<method-wrapper '__getattribute__' of attributeSetter object at 0x0000026EFEAE2370>, bitsMode=UNKNOWN, blendMode='avg', bpc=(8, 8, 8), color=array([0, 0, 0]), colorSpace='rgb', depthBits=8, fullscr=<method-wrapper '__getattribute__' of attributeSetter object at 0x0000026EFEAE21C0>, gamma=None, gammaErrorPolicy='raise', lms=UNKNOWN, monitor=<psychopy.monitors.calibTools.Monitor object at 0x0000026EFF00F400>, multiSample=False, name='window1', numSamples=2, pos=(560, 140), screen=0, size=array([800, 800]), stencilBits=0, stereo=False, title='PsychoPy', units='height', useFBO=True, useRetina=False, viewOri=0.0, viewPos=None, viewScale=None, waitBlanking=True, winType='pyglet')
4.4355 	EXP 	window1: mouseVisible = True
4.4355 	EXP 	window1: backgroundImage = ''
4.4355 	EXP 	window1: backgroundFit = 'none'
4.4364 	EXP 	window1: Attempting to measure frame rate of screen (0) ...
4.4365 	EXP 	window1: recordFrameIntervals = False
4.4814 	EXP 	window1: recordFrameIntervals = True
4.4980 	WARNING 	t of last frame was 9.68ms (=1/103)
4.5148 	WARNING 	t of last frame was 9.47ms (=1/105)
4.5318 	WARNING 	t of last frame was 9.79ms (=1/102)
4.5481 	WARNING 	t of last frame was 9.45ms (=1/105)
4.5650 	WARNING 	Multiple dropped frames have occurred - I'll stop bothering you about them!
4.6724 	EXP 	Screen (0) actual frame rate measured at 241.97Hz
4.6724 	EXP 	window1: recordFrameIntervals = False
4.6725 	EXP 	window1: mouseVisible = True
4.6977 	WARNING 	launchHubServer: If using the iohub mouse or eyetracker devices, fullScr should be True.
6.0512 	EXP 	PSURP: status = STARTED
6.0514 	EXP 	window1: mouseVisible = True
6.0895 	EXP 	Created t_reset_PSURP = TextStim(__class__=<class 'psychopy.visual.text.TextStim'>, alignHoriz=method-wrapper(...), alignText='center', alignVert=method-wrapper(...), anchorHoriz='center', anchorVert='center', antialias=True, autoDraw=False, autoLog=True, bold=False, color=array([1., 1., 1.]), colorSpace='rgb', contrast=1.0, depth=0.0, draggable=False, flipHoriz=False, flipVert=False, font='Open Sans', fontFiles=[], height=0.05, italic=False, languageStyle='LTR', name='t_reset_PSURP', opacity=1.0, ori=0.0, pos=array([0., 0.]), rgb=UNKNOWN, text='reseting PSURP', units='height', win=Window(...), wrapWidth=1)
0.0145 	EXP 	t_reset_PSURP: autoDraw = True
1.1066 	EXP 	t_reset_PSURP: autoDraw = False
1.1066 	EXP 	PSURP: status = STOPPED
1.1285 	EXP 	window1: mouseVisible = True
