6.4766 	EXP 	Created window1 = Window(allowGUI=True, allowStencil=False, autoLog=True, backendConf=UNKNOWN, backgroundFit=<method-wrapper '__getattribute__' of attributeSetter object at 0x0000020252D1DCA0>, backgroundImage=<method-wrapper '__getattribute__' of attributeSetter object at 0x0000020252D1DC40>, bitsMode=UNKNOWN, blendMode='avg', bpc=(8, 8, 8), color=array([0, 0, 0]), colorSpace='rgb', depthBits=8, fullscr=<method-wrapper '__getattribute__' of attributeSetter object at 0x0000020252D1DA90>, gamma=None, gammaErrorPolicy='raise', lms=UNKNOWN, monitor=<psychopy.monitors.calibTools.Monitor object at 0x0000020253220790>, multiSample=False, name='window1', numSamples=2, pos=(560, 140), screen=0, size=array([800, 800]), stencilBits=0, stereo=False, title='PsychoPy', units='height', useFBO=True, useRetina=False, viewOri=0.0, viewPos=None, viewScale=None, waitBlanking=True, winType='pyglet')
6.4767 	EXP 	window1: mouseVisible = True
6.4767 	EXP 	window1: backgroundImage = ''
6.4767 	EXP 	window1: backgroundFit = 'none'
6.4775 	EXP 	window1: Attempting to measure frame rate of screen (0) ...
6.4775 	EXP 	window1: recordFrameIntervals = False
6.5265 	EXP 	window1: recordFrameIntervals = True
6.5526 	WARNING 	t of last frame was 9.63ms (=1/103)
6.5683 	WARNING 	t of last frame was 8.58ms (=1/116)
6.5855 	WARNING 	t of last frame was 9.06ms (=1/110)
6.6017 	WARNING 	t of last frame was 8.57ms (=1/116)
6.6193 	WARNING 	Multiple dropped frames have occurred - I'll stop bothering you about them!
6.6932 	EXP 	Screen (0) actual frame rate measured at 242.83Hz
6.6932 	EXP 	window1: recordFrameIntervals = False
6.6933 	EXP 	window1: mouseVisible = True
6.7190 	WARNING 	launchHubServer: If using the iohub mouse or eyetracker devices, fullScr should be True.
8.0712 	EXP 	PSURP: status = STARTED
8.0714 	EXP 	window1: mouseVisible = True
8.1072 	EXP 	Created t_reset_PSURP = TextStim(__class__=<class 'psychopy.visual.text.TextStim'>, alignHoriz=method-wrapper(...), alignText='center', alignVert=method-wrapper(...), anchorHoriz='center', anchorVert='center', antialias=True, autoDraw=False, autoLog=True, bold=False, color=array([1., 1., 1.]), colorSpace='rgb', contrast=1.0, depth=0.0, draggable=False, flipHoriz=False, flipVert=False, font='Open Sans', fontFiles=[], height=0.05, italic=False, languageStyle='LTR', name='t_reset_PSURP', opacity=1.0, ori=0.0, pos=array([0., 0.]), rgb=UNKNOWN, text='reseting PSURP', units='height', win=Window(...), wrapWidth=1)
8.1073 	EXP 	window1: mouseVisible = True
8.1123 	EXP 	Created t_tare = TextStim(__class__=<class 'psychopy.visual.text.TextStim'>, alignHoriz=method-wrapper(...), alignText='center', alignVert=method-wrapper(...), anchorHoriz='center', anchorVert='center', antialias=True, autoDraw=False, autoLog=True, bold=False, color=array([1., 1., 1.]), colorSpace='rgb', contrast=1.0, depth=-1.0, draggable=False, flipHoriz=False, flipVert=False, font='Open Sans', fontFiles=[], height=0.05, italic=False, languageStyle='LTR', name='t_tare', opacity=1.0, ori=0.0, pos=array([0., 0.]), rgb=UNKNOWN, text='loading each cell with 1 sec delay', units='height', win=Window(...), wrapWidth=1)
8.1124 	EXP 	window1: mouseVisible = True
8.1162 	EXP 	Created T_RUNE = TextStim(__class__=<class 'psychopy.visual.text.TextStim'>, alignHoriz=method-wrapper(...), alignText='center', alignVert=method-wrapper(...), anchorHoriz='center', anchorVert='center', antialias=True, autoDraw=False, autoLog=True, bold=False, color=array([1., 1., 1.]), colorSpace='rgb', contrast=1.0, depth=0.0, draggable=False, flipHoriz=False, flipVert=False, font='Open Sans', fontFiles=[], height=0.05, italic=False, languageStyle='LTR', name='T_RUNE', opacity=1.0, ori=0.0, pos=array([0., 0.]), rgb=UNKNOWN, text='Entering streaming mode ...', units='height', win=Window(...), wrapWidth=1)
0.0165 	EXP 	t_reset_PSURP: autoDraw = True
6.1225 	EXP 	t_reset_PSURP: autoDraw = False
6.1225 	EXP 	t_tare: autoDraw = False
6.1225 	EXP 	T_RUNE: autoDraw = True
7.0071 	EXP 	T_RUNE: autoDraw = False
7.0071 	EXP 	PSURP: status = STOPPED
7.0276 	EXP 	window1: mouseVisible = True
