4.8271 	EXP 	Created window1 = Window(allowGUI=True, allowStencil=False, autoLog=True, backendConf=UNKNOWN, backgroundFit=<method-wrapper '__getattribute__' of attributeSetter object at 0x000001677A370C40>, backgroundImage=<method-wrapper '__getattribute__' of attributeSetter object at 0x000001677A370BE0>, bitsMode=UNKNOWN, blendMode='avg', bpc=(8, 8, 8), color=array([0, 0, 0]), colorSpace='rgb', depthBits=8, fullscr=<method-wrapper '__getattribute__' of attributeSetter object at 0x000001677A370A30>, gamma=None, gammaErrorPolicy='raise', lms=UNKNOWN, monitor=<psychopy.monitors.calibTools.Monitor object at 0x000001677A7A3490>, multiSample=False, name='window1', numSamples=2, pos=(560, 140), screen=0, size=array([800, 800]), stencilBits=0, stereo=False, title='PsychoPy', units='height', useFBO=True, useRetina=False, viewOri=0.0, viewPos=None, viewScale=None, waitBlanking=True, winType='pyglet')
4.8272 	EXP 	window1: mouseVisible = True
4.8272 	EXP 	window1: backgroundImage = ''
4.8272 	EXP 	window1: backgroundFit = 'none'
4.8281 	EXP 	window1: Attempting to measure frame rate of screen (0) ...
4.8281 	EXP 	window1: recordFrameIntervals = False
4.8771 	EXP 	window1: recordFrameIntervals = True
4.9031 	WARNING 	t of last frame was 9.56ms (=1/104)
4.9193 	WARNING 	t of last frame was 9.08ms (=1/110)
4.9364 	WARNING 	t of last frame was 9.60ms (=1/104)
4.9527 	WARNING 	t of last frame was 8.69ms (=1/115)
4.9697 	WARNING 	Multiple dropped frames have occurred - I'll stop bothering you about them!
5.0605 	EXP 	Screen (0) actual frame rate measured at 242.37Hz
5.0605 	EXP 	window1: recordFrameIntervals = False
5.0605 	EXP 	window1: mouseVisible = True
5.0862 	WARNING 	launchHubServer: If using the iohub mouse or eyetracker devices, fullScr should be True.
6.4493 	EXP 	PSURP: status = STARTED
6.4496 	EXP 	window1: mouseVisible = True
6.4875 	EXP 	Created t_reset_PSURP = TextStim(__class__=<class 'psychopy.visual.text.TextStim'>, alignHoriz=method-wrapper(...), alignText='center', alignVert=method-wrapper(...), anchorHoriz='center', anchorVert='center', antialias=True, autoDraw=False, autoLog=True, bold=False, color=array([1., 1., 1.]), colorSpace='rgb', contrast=1.0, depth=0.0, draggable=False, flipHoriz=False, flipVert=False, font='Open Sans', fontFiles=[], height=0.05, italic=False, languageStyle='LTR', name='t_reset_PSURP', opacity=1.0, ori=0.0, pos=array([0., 0.]), rgb=UNKNOWN, text='reseting PSURP', units='height', win=Window(...), wrapWidth=1)
6.4876 	EXP 	window1: mouseVisible = True
6.4931 	EXP 	Created t_tare = TextStim(__class__=<class 'psychopy.visual.text.TextStim'>, alignHoriz=method-wrapper(...), alignText='center', alignVert=method-wrapper(...), anchorHoriz='center', anchorVert='center', antialias=True, autoDraw=False, autoLog=True, bold=False, color=array([1., 1., 1.]), colorSpace='rgb', contrast=1.0, depth=-1.0, draggable=False, flipHoriz=False, flipVert=False, font='Open Sans', fontFiles=[], height=0.05, italic=False, languageStyle='LTR', name='t_tare', opacity=1.0, ori=0.0, pos=array([0., 0.]), rgb=UNKNOWN, text='loading each cell with 1 sec delay', units='height', win=Window(...), wrapWidth=1)
6.4932 	EXP 	window1: mouseVisible = True
6.4958 	EXP 	Created T_RUNE = TextStim(__class__=<class 'psychopy.visual.text.TextStim'>, alignHoriz=method-wrapper(...), alignText='center', alignVert=method-wrapper(...), anchorHoriz='center', anchorVert='center', antialias=True, autoDraw=False, autoLog=True, bold=False, color=array([1., 1., 1.]), colorSpace='rgb', contrast=1.0, depth=0.0, draggable=False, flipHoriz=False, flipVert=False, font='Open Sans', fontFiles=[], height=0.05, italic=False, languageStyle='LTR', name='T_RUNE', opacity=1.0, ori=0.0, pos=array([0., 0.]), rgb=UNKNOWN, text='Entering streaming mode ...', units='height', win=Window(...), wrapWidth=1)
0.0226 	EXP 	t_reset_PSURP: autoDraw = True
6.0133 	EXP 	t_reset_PSURP: autoDraw = False
6.0133 	EXP 	t_tare: autoDraw = False
6.0133 	EXP 	T_RUNE: autoDraw = True
7.0082 	EXP 	T_RUNE: autoDraw = False
7.0082 	EXP 	PSURP: status = STOPPED
7.1285 	EXP 	window1: mouseVisible = True
