6.2426 	EXP 	Created window1 = Window(allowGUI=True, allowStencil=False, autoLog=True, backendConf=UNKNOWN, backgroundFit=<method-wrapper '__getattribute__' of attributeSetter object at 0x000001C2EC856E20>, backgroundImage=<method-wrapper '__getattribute__' of attributeSetter object at 0x000001C2EC856DC0>, bitsMode=UNKNOWN, blendMode='avg', bpc=(8, 8, 8), color=array([0, 0, 0]), colorSpace='rgb', depthBits=8, fullscr=<method-wrapper '__getattribute__' of attributeSetter object at 0x000001C2EC856BE0>, gamma=None, gammaErrorPolicy='raise', lms=UNKNOWN, monitor=<psychopy.monitors.calibTools.Monitor object at 0x000001C2ECD85D60>, multiSample=False, name='window1', numSamples=2, pos=(560, 140), screen=0, size=array([800, 800]), stencilBits=0, stereo=False, title='PsychoPy', units='height', useFBO=True, useRetina=False, viewOri=0.0, viewPos=None, viewScale=None, waitBlanking=True, winType='pyglet')
6.2426 	EXP 	window1: mouseVisible = True
6.2426 	EXP 	window1: backgroundImage = ''
6.2426 	EXP 	window1: backgroundFit = 'none'
6.2435 	EXP 	window1: Attempting to measure frame rate of screen (0) ...
6.2435 	EXP 	window1: recordFrameIntervals = False
6.2883 	EXP 	window1: recordFrameIntervals = True
6.3015 	WARNING 	t of last frame was 4.91ms (=1/203)
6.3174 	WARNING 	t of last frame was 8.29ms (=1/120)
6.3513 	WARNING 	t of last frame was 8.67ms (=1/115)
6.3690 	WARNING 	t of last frame was 9.85ms (=1/101)
6.3846 	WARNING 	Multiple dropped frames have occurred - I'll stop bothering you about them!
6.4932 	EXP 	Screen (0) actual frame rate measured at 236.89Hz
6.4933 	EXP 	window1: recordFrameIntervals = False
6.4933 	EXP 	window1: mouseVisible = True
6.5188 	WARNING 	launchHubServer: If using the iohub mouse or eyetracker devices, fullScr should be True.
7.8718 	EXP 	PSURP: status = STARTED
7.8720 	EXP 	window1: mouseVisible = True
7.9102 	EXP 	Created t_reset_PSURP = TextStim(__class__=<class 'psychopy.visual.text.TextStim'>, alignHoriz=method-wrapper(...), alignText='center', alignVert=method-wrapper(...), anchorHoriz='center', anchorVert='center', antialias=True, autoDraw=False, autoLog=True, bold=False, color=array([1., 1., 1.]), colorSpace='rgb', contrast=1.0, depth=0.0, draggable=False, flipHoriz=False, flipVert=False, font='Open Sans', fontFiles=[], height=0.05, italic=False, languageStyle='LTR', name='t_reset_PSURP', opacity=1.0, ori=0.0, pos=array([0., 0.]), rgb=UNKNOWN, text='reseting PSURP', units='height', win=Window(...), wrapWidth=1)
7.9103 	EXP 	window1: mouseVisible = True
7.9166 	EXP 	Created t_tare = TextStim(__class__=<class 'psychopy.visual.text.TextStim'>, alignHoriz=method-wrapper(...), alignText='center', alignVert=method-wrapper(...), anchorHoriz='center', anchorVert='center', antialias=True, autoDraw=False, autoLog=True, bold=False, color=array([1., 1., 1.]), colorSpace='rgb', contrast=1.0, depth=0.0, draggable=False, flipHoriz=False, flipVert=False, font='Open Sans', fontFiles=[], height=0.05, italic=False, languageStyle='LTR', name='t_tare', opacity=1.0, ori=0.0, pos=array([0., 0.]), rgb=UNKNOWN, text='loading each cell with 1 sec delay', units='height', win=Window(...), wrapWidth=1)
7.9167 	EXP 	window1: mouseVisible = True
7.9223 	EXP 	Created T_RUNE = TextStim(__class__=<class 'psychopy.visual.text.TextStim'>, alignHoriz=method-wrapper(...), alignText='center', alignVert=method-wrapper(...), anchorHoriz='center', anchorVert='center', antialias=True, autoDraw=False, autoLog=True, bold=False, color=array([1., 1., 1.]), colorSpace='rgb', contrast=1.0, depth=0.0, draggable=False, flipHoriz=False, flipVert=False, font='Open Sans', fontFiles=[], height=0.05, italic=False, languageStyle='LTR', name='T_RUNE', opacity=1.0, ori=0.0, pos=array([0., 0.]), rgb=UNKNOWN, text='Entering streaming mode ...', units='height', win=Window(...), wrapWidth=1)
7.9225 	EXP 	window1: mouseVisible = True
7.9253 	EXP 	Created feedback_text = TextStim(__class__=<class 'psychopy.visual.text.TextStim'>, alignHoriz=method-wrapper(...), alignText='center', alignVert=method-wrapper(...), anchorHoriz='center', anchorVert='center', antialias=True, autoDraw=False, autoLog=True, bold=False, color=array([1., 1., 1.]), colorSpace='rgb', contrast=1.0, depth=0.0, draggable=False, flipHoriz=False, flipVert=False, font='Open Sans', fontFiles=[], height=0.05, italic=False, languageStyle='LTR', name='feedback_text', opacity=1.0, ori=0.0, pos=array([0., 0.]), rgb=UNKNOWN, text='Loading forces...', units='height', win=Window(...), wrapWidth=1)
0.0156 	EXP 	t_reset_PSURP: autoDraw = True
1.0073 	EXP 	t_reset_PSURP: autoDraw = False
1.0073 	EXP 	t_tare: autoDraw = True
11.0267 	EXP 	t_tare: autoDraw = False
11.0267 	EXP 	T_RUNE: autoDraw = False
11.0267 	EXP 	feedback_text: autoDraw = True
11.0267 	EXP 	feedback_text: height = 0.05
11.0267 	EXP 	feedback_text: height = 0.05
11.0267 	EXP 	feedback_text: height = 0.05
11.0267 	EXP 	feedback_text: text = "BUT0 BUT1 BUT2 BUT3 BUT4 TTL\nBase 71: 00 00 00 00 00 00\nG: 0000 0000 0000 0000 0000 g\nN: 0.0000 0.0000 0.0000 0.0000 0.0000 N\nSample: 0000\nPress 'q' to quit.\n"
15.0585 	DATA 	Mouse: Left button down, pos=(667,457)
15.0587 	DATA 	Mouse:  Left button up, pos=(667,457)
29.0684 	DATA 	Mouse: Left button down, pos=(392,204)
29.0690 	DATA 	Mouse:  Left button up, pos=(392,204)
30.0697 	DATA 	Keypress: q
30.4850 	EXP 	window1: mouseVisible = True
