4.4820 	INFO 	Loaded monitor calibration from ['2024_11_11 13:57']
4.7285 	EXP 	Created window1 = Window(allowGUI=True, allowStencil=False, autoLog=True, backendConf=UNKNOWN, backgroundFit=<method-wrapper '__getattribute__' of attributeSetter object at 0x000001CDF00C02E0>, backgroundImage=<method-wrapper '__getattribute__' of attributeSetter object at 0x000001CDF00C0100>, bitsMode=UNKNOWN, blendMode='avg', bpc=(8, 8, 8), color=array([0, 0, 0]), colorSpace='rgb', depthBits=8, fullscr=False, gamma=None, gammaErrorPolicy='raise', infoMsg=UNKNOWN, lms=UNKNOWN, monitor=<psychopy.monitors.calibTools.Monitor object at 0x000001CDF0196BF0>, multiSample=False, name='window1', numSamples=2, pos=[880.0, 240.0], screen=0, size=array([800, 600]), stencilBits=0, stereo=False, title='PsychoPy', units='height', useFBO=True, useRetina=False, viewOri=0.0, viewPos=None, viewScale=None, waitBlanking=True, winType='pyglet')
4.7286 	EXP 	window1: backgroundImage = ''
4.7286 	EXP 	window1: backgroundFit = 'none'
4.7357 	DEBUG 	TextBox2 loaded 1 chars with 0 blanks and 1 valid
4.7363 	DEBUG 	TextBox2 loaded 1 chars with 0 blanks and 1 valid
4.7370 	DEBUG 	TextBox2 loaded 1 chars with 0 blanks and 1 valid
4.7379 	DEBUG 	TextBox2 loaded 1 chars with 0 blanks and 1 valid
4.7387 	DEBUG 	TextBox2 loaded 1 chars with 0 blanks and 1 valid
4.7391 	DEBUG 	TextBox2 loaded 1 chars with 0 blanks and 1 valid
4.7398 	DEBUG 	TextBox2 loaded 1 chars with 0 blanks and 1 valid
4.7408 	DEBUG 	TextBox2 loaded 1 chars with 0 blanks and 1 valid
4.7411 	DEBUG 	TextBox2 loaded 1 chars with 0 blanks and 1 valid
4.7414 	DEBUG 	TextBox2 loaded 1 chars with 0 blanks and 1 valid
4.7421 	DEBUG 	TextBox2 loaded 1 chars with 0 blanks and 1 valid
4.7428 	DEBUG 	TextBox2 loaded 1 chars with 0 blanks and 1 valid
4.7434 	DEBUG 	TextBox2 loaded 1 chars with 0 blanks and 1 valid
4.7441 	DEBUG 	TextBox2 loaded 1 chars with 0 blanks and 1 valid
4.7447 	DEBUG 	TextBox2 loaded 1 chars with 0 blanks and 1 valid
4.7455 	DEBUG 	TextBox2 loaded 1 chars with 0 blanks and 1 valid
4.7462 	DEBUG 	TextBox2 loaded 1 chars with 0 blanks and 1 valid
4.7466 	DEBUG 	TextBox2 loaded 1 chars with 0 blanks and 1 valid
4.7471 	DEBUG 	TextBox2 loaded 1 chars with 0 blanks and 1 valid
4.7480 	DEBUG 	TextBox2 loaded 1 chars with 0 blanks and 1 valid
4.7484 	DEBUG 	TextBox2 loaded 1 chars with 0 blanks and 1 valid
4.7487 	DEBUG 	Uploading Texture Font fontname to graphics card
4.7515 	DEBUG 	Upload of Texture Font fontname complete
4.7579 	DEBUG 	TextBox2 loaded 1 chars with 0 blanks and 1 valid
4.7588 	DEBUG 	TextBox2 loaded 1 chars with 0 blanks and 1 valid
4.7597 	DEBUG 	TextBox2 loaded 1 chars with 0 blanks and 1 valid
4.7600 	DEBUG 	Uploading Texture Font fontname to graphics card
4.7620 	DEBUG 	Upload of Texture Font fontname complete
4.7639 	EXP 	window1: Attempting to measure frame rate of screen (0) ...
4.7639 	EXP 	window1: recordFrameIntervals = False
4.8224 	EXP 	window1: recordFrameIntervals = True
4.8802 	EXP 	Screen (0) actual frame rate measured at 199.62Hz
4.8802 	EXP 	window1: recordFrameIntervals = False
4.8856 	DEBUG 	TextBox2 loaded 1 chars with 0 blanks and 1 valid
4.8864 	DEBUG 	TextBox2 loaded 1 chars with 0 blanks and 1 valid
4.8873 	DEBUG 	TextBox2 loaded 1 chars with 0 blanks and 1 valid
4.8882 	DEBUG 	TextBox2 loaded 1 chars with 0 blanks and 1 valid
4.8893 	DEBUG 	TextBox2 loaded 1 chars with 0 blanks and 1 valid
4.8902 	DEBUG 	TextBox2 loaded 1 chars with 0 blanks and 1 valid
4.8907 	DEBUG 	TextBox2 loaded 1 chars with 0 blanks and 1 valid
4.8917 	DEBUG 	TextBox2 loaded 1 chars with 0 blanks and 1 valid
4.8926 	DEBUG 	TextBox2 loaded 1 chars with 0 blanks and 1 valid
4.8934 	DEBUG 	TextBox2 loaded 1 chars with 0 blanks and 1 valid
4.8937 	DEBUG 	Uploading Texture Font fontname to graphics card
4.8944 	DEBUG 	Upload of Texture Font fontname complete
4.9057 	WARNING 	launchHubServer: If using the iohub mouse or eyetracker devices, fullScr should be True.
7.1730 	INFO 	keyboard.Keyboard is using iohub backend.
7.1731 	EXP 	game: status = STARTED
7.1855 	EXP 	Created background1 = ImageStim(__class__=<class 'psychopy.visual.image.ImageStim'>, anchor=('center', 'center'), autoLog=True, color=array([1., 1., 1.]), colorSpace='rgb', contrast=1.0, depth=0.0, draggable=False, flipHoriz=False, flipVert=False, image='Assets/7.png', interpolate=True, mask=None, maskParams=None, name='background1', opacity=1, ori=0.0, pos=array([0., 0.]), size=array([2., 1.]), texRes=128.0, units='height', win=Window(...))
7.1948 	EXP 	Created background2 = ImageStim(__class__=<class 'psychopy.visual.image.ImageStim'>, anchor=('center', 'center'), autoLog=True, color=array([1., 1., 1.]), colorSpace='rgb', contrast=1.0, depth=-1.0, draggable=False, flipHoriz=False, flipVert=False, image='Assets/7.png', interpolate=True, mask=None, maskParams=None, name='background2', opacity=1, ori=0.0, pos=array([0., 0.]), size=array([2., 1.]), texRes=128.0, units='height', win=Window(...))
7.2043 	EXP 	Created background3 = ImageStim(__class__=<class 'psychopy.visual.image.ImageStim'>, anchor=('center', 'center'), autoLog=True, color=array([1., 1., 1.]), colorSpace='rgb', contrast=1.0, depth=-2.0, draggable=False, flipHoriz=False, flipVert=False, image='Assets/7.png', interpolate=True, mask=None, maskParams=None, name='background3', opacity=1, ori=0.0, pos=array([0., 0.]), size=array([2., 1.]), texRes=128.0, units='height', win=Window(...))
7.2669 	EXP 	Created dino_image = ImageStim(__class__=<class 'psychopy.visual.image.ImageStim'>, anchor=('center', 'center'), autoLog=True, color=array([1., 1., 1.]), colorSpace='rgb', contrast=1.0, depth=-3.0, draggable=False, flipHoriz=False, flipVert=False, image='Assets/dino.png', interpolate=True, mask=None, maskParams=None, name='dino_image', opacity=1, ori=0.0, pos=array([0., 0.]), size=array([0.2, 0.2]), texRes=128.0, units='height', win=Window(...))
7.2678 	EXP 	Created floor = Rect(__class__=<class 'psychopy.visual.rect.Rect'>, anchor=('center', 'center'), autoDraw=False, autoLog=True, closeShape=True, color=method-wrapper(...), colorSpace='rgb', contrast=None, depth=-4.0, draggable=False, fillColor=array([-1., -1., -1.]), fillColorSpace='rgb', fillRGB=array([-1., -1., -1.]), interpolate=True, lineColor=array([-1., -1., -1.]), lineColorSpace='rgb', lineRGB=array([-1., -1., -1.]), lineWidth=1.0, name='floor', opacity=1, ori=0.0, pos=array([-0.5, -0.5]), size=array([0.5, 0.3]), units='height', vertices=ndarray(...), win=Window(...))
7.2902 	DEBUG 	Saving data for game ExperimentHandler
7.2911 	INFO 	saved data to D:\Users\areya\Desktop\work\motor-learning-research-project\Game\data/102084_game_2024-12-06_02h09.38.165.psydat
7.2922 	INFO 	saved data to 'D:\\Users\\areya\\Desktop\\work\\motor-learning-research-project\\Game\\data/102084_game_2024-12-06_02h09.38.165.csv'
