5.0257 	INFO 	Loaded monitor calibration from ['2024_11_11 13:57']
5.3676 	EXP 	Created window1 = Window(allowGUI=True, allowStencil=False, autoLog=True, backendConf=UNKNOWN, backgroundFit=<method-wrapper '__getattribute__' of attributeSetter object at 0x000002B4B18BA410>, backgroundImage=<method-wrapper '__getattribute__' of attributeSetter object at 0x000002B4B18BA470>, bitsMode=UNKNOWN, blendMode='avg', bpc=(8, 8, 8), color=array([0, 0, 0]), colorSpace='rgb', depthBits=8, fullscr=False, gamma=None, gammaErrorPolicy='raise', infoMsg=UNKNOWN, lms=UNKNOWN, monitor=<psychopy.monitors.calibTools.Monitor object at 0x000002B4B1985C90>, multiSample=False, name='window1', numSamples=2, pos=[880.0, 240.0], screen=0, size=array([800, 600]), stencilBits=0, stereo=False, title='PsychoPy', units='height', useFBO=True, useRetina=False, viewOri=0.0, viewPos=None, viewScale=None, waitBlanking=True, winType='pyglet')
5.3677 	EXP 	window1: backgroundImage = ''
5.3677 	EXP 	window1: backgroundFit = 'none'
5.3750 	DEBUG 	TextBox2 loaded 1 chars with 0 blanks and 1 valid
5.3759 	DEBUG 	TextBox2 loaded 1 chars with 0 blanks and 1 valid
5.3767 	DEBUG 	TextBox2 loaded 1 chars with 0 blanks and 1 valid
5.3778 	DEBUG 	TextBox2 loaded 1 chars with 0 blanks and 1 valid
5.3786 	DEBUG 	TextBox2 loaded 1 chars with 0 blanks and 1 valid
5.3791 	DEBUG 	TextBox2 loaded 1 chars with 0 blanks and 1 valid
5.3797 	DEBUG 	TextBox2 loaded 1 chars with 0 blanks and 1 valid
5.3806 	DEBUG 	TextBox2 loaded 1 chars with 0 blanks and 1 valid
5.3810 	DEBUG 	TextBox2 loaded 1 chars with 0 blanks and 1 valid
5.3814 	DEBUG 	TextBox2 loaded 1 chars with 0 blanks and 1 valid
5.3821 	DEBUG 	TextBox2 loaded 1 chars with 0 blanks and 1 valid
5.3828 	DEBUG 	TextBox2 loaded 1 chars with 0 blanks and 1 valid
5.3834 	DEBUG 	TextBox2 loaded 1 chars with 0 blanks and 1 valid
5.3841 	DEBUG 	TextBox2 loaded 1 chars with 0 blanks and 1 valid
5.3847 	DEBUG 	TextBox2 loaded 1 chars with 0 blanks and 1 valid
5.3854 	DEBUG 	TextBox2 loaded 1 chars with 0 blanks and 1 valid
5.3861 	DEBUG 	TextBox2 loaded 1 chars with 0 blanks and 1 valid
5.3866 	DEBUG 	TextBox2 loaded 1 chars with 0 blanks and 1 valid
5.3871 	DEBUG 	TextBox2 loaded 1 chars with 0 blanks and 1 valid
5.3880 	DEBUG 	TextBox2 loaded 1 chars with 0 blanks and 1 valid
5.3884 	DEBUG 	TextBox2 loaded 1 chars with 0 blanks and 1 valid
5.3887 	DEBUG 	Uploading Texture Font fontname to graphics card
5.3912 	DEBUG 	Upload of Texture Font fontname complete
5.3979 	DEBUG 	TextBox2 loaded 1 chars with 0 blanks and 1 valid
5.3988 	DEBUG 	TextBox2 loaded 1 chars with 0 blanks and 1 valid
5.3997 	DEBUG 	TextBox2 loaded 1 chars with 0 blanks and 1 valid
5.3999 	DEBUG 	Uploading Texture Font fontname to graphics card
5.4010 	DEBUG 	Upload of Texture Font fontname complete
5.4029 	EXP 	window1: Attempting to measure frame rate of screen (0) ...
5.4029 	EXP 	window1: recordFrameIntervals = False
5.4668 	EXP 	window1: recordFrameIntervals = True
5.5225 	EXP 	Screen (0) actual frame rate measured at 200.10Hz
5.5225 	EXP 	window1: recordFrameIntervals = False
5.5282 	DEBUG 	TextBox2 loaded 1 chars with 0 blanks and 1 valid
5.5286 	DEBUG 	TextBox2 loaded 1 chars with 0 blanks and 1 valid
5.5294 	DEBUG 	TextBox2 loaded 1 chars with 0 blanks and 1 valid
5.5303 	DEBUG 	TextBox2 loaded 1 chars with 0 blanks and 1 valid
5.5313 	DEBUG 	TextBox2 loaded 1 chars with 0 blanks and 1 valid
5.5325 	DEBUG 	TextBox2 loaded 1 chars with 0 blanks and 1 valid
5.5330 	DEBUG 	TextBox2 loaded 1 chars with 0 blanks and 1 valid
5.5338 	DEBUG 	TextBox2 loaded 1 chars with 0 blanks and 1 valid
5.5347 	DEBUG 	TextBox2 loaded 1 chars with 0 blanks and 1 valid
5.5356 	DEBUG 	TextBox2 loaded 1 chars with 0 blanks and 1 valid
5.5360 	DEBUG 	Uploading Texture Font fontname to graphics card
5.5368 	DEBUG 	Upload of Texture Font fontname complete
5.5487 	WARNING 	launchHubServer: If using the iohub mouse or eyetracker devices, fullScr should be True.
8.0185 	INFO 	keyboard.Keyboard is using iohub backend.
8.0185 	EXP 	game: status = STARTED
8.0302 	EXP 	Created background1 = ImageStim(__class__=<class 'psychopy.visual.image.ImageStim'>, anchor=('center', 'center'), autoLog=True, color=array([1., 1., 1.]), colorSpace='rgb', contrast=1.0, depth=0.0, draggable=False, flipHoriz=False, flipVert=False, image='Assets/7.png', interpolate=True, mask=None, maskParams=None, name='background1', opacity=1, ori=0.0, pos=array([0., 0.]), size=array([2., 1.]), texRes=128.0, units='height', win=Window(...))
8.0401 	EXP 	Created background2 = ImageStim(__class__=<class 'psychopy.visual.image.ImageStim'>, anchor=('center', 'center'), autoLog=True, color=array([1., 1., 1.]), colorSpace='rgb', contrast=1.0, depth=-1.0, draggable=False, flipHoriz=False, flipVert=False, image='Assets/7.png', interpolate=True, mask=None, maskParams=None, name='background2', opacity=1, ori=0.0, pos=array([0., 0.]), size=array([2., 1.]), texRes=128.0, units='height', win=Window(...))
8.0501 	EXP 	Created background3 = ImageStim(__class__=<class 'psychopy.visual.image.ImageStim'>, anchor=('center', 'center'), autoLog=True, color=array([1., 1., 1.]), colorSpace='rgb', contrast=1.0, depth=-2.0, draggable=False, flipHoriz=False, flipVert=False, image='Assets/7.png', interpolate=True, mask=None, maskParams=None, name='background3', opacity=1, ori=0.0, pos=array([0., 0.]), size=array([2., 1.]), texRes=128.0, units='height', win=Window(...))
8.1128 	EXP 	Created dino_image = ImageStim(__class__=<class 'psychopy.visual.image.ImageStim'>, anchor=('center', 'center'), autoLog=True, color=array([1., 1., 1.]), colorSpace='rgb', contrast=1.0, depth=-3.0, draggable=False, flipHoriz=False, flipVert=False, image='Assets/dino.png', interpolate=True, mask=None, maskParams=None, name='dino_image', opacity=1, ori=0.0, pos=array([0., 0.]), size=array([0.2, 0.2]), texRes=128.0, units='height', win=Window(...))
8.1138 	EXP 	Created floor = Rect(__class__=<class 'psychopy.visual.rect.Rect'>, anchor=('center', 'center'), autoDraw=False, autoLog=True, closeShape=True, color=method-wrapper(...), colorSpace='rgb', contrast=None, depth=-4.0, draggable=False, fillColor=array([-1., -1., -1.]), fillColorSpace='rgb', fillRGB=array([-1., -1., -1.]), interpolate=True, lineColor=array([-1., -1., -1.]), lineColorSpace='rgb', lineRGB=array([-1., -1., -1.]), lineWidth=1.0, name='floor', opacity=1, ori=0.0, pos=array([-0.5, -0.5]), size=array([0.5, 0.3]), units='height', vertices=ndarray(...), win=Window(...))
8.1139 	INFO 	keyboard.Keyboard is using iohub backend.
0.0269 	DEBUG 	Saving data for game ExperimentHandler
0.0278 	INFO 	saved data to D:\Users\areya\Desktop\work\motor-learning-research-project\Game\data/119169_game_2024-12-05_14h32.05.418.psydat
0.0292 	INFO 	saved data to 'D:\\Users\\areya\\Desktop\\work\\motor-learning-research-project\\Game\\data/119169_game_2024-12-05_14h32.05.418.csv'
