4.5385 	INFO 	Loaded monitor calibration from ['2024_11_11 13:57']
4.7866 	EXP 	Created window1 = Window(allowGUI=True, allowStencil=False, autoLog=True, backendConf=UNKNOWN, backgroundFit=<method-wrapper '__getattribute__' of attributeSetter object at 0x0000022F000DC1C0>, backgroundImage=<method-wrapper '__getattribute__' of attributeSetter object at 0x0000022F000DC220>, bitsMode=UNKNOWN, blendMode='avg', bpc=(8, 8, 8), color=array([0, 0, 0]), colorSpace='rgb', depthBits=8, fullscr=False, gamma=None, gammaErrorPolicy='raise', infoMsg=UNKNOWN, lms=UNKNOWN, monitor=<psychopy.monitors.calibTools.Monitor object at 0x0000022F001A01C0>, multiSample=False, name='window1', numSamples=2, pos=[880.0, 240.0], screen=0, size=array([800, 600]), stencilBits=0, stereo=False, title='PsychoPy', units='height', useFBO=True, useRetina=False, viewOri=0.0, viewPos=None, viewScale=None, waitBlanking=True, winType='pyglet')
4.7867 	EXP 	window1: backgroundImage = ''
4.7867 	EXP 	window1: backgroundFit = 'none'
4.7929 	DEBUG 	TextBox2 loaded 1 chars with 0 blanks and 1 valid
4.7936 	DEBUG 	TextBox2 loaded 1 chars with 0 blanks and 1 valid
4.7943 	DEBUG 	TextBox2 loaded 1 chars with 0 blanks and 1 valid
4.7952 	DEBUG 	TextBox2 loaded 1 chars with 0 blanks and 1 valid
4.7960 	DEBUG 	TextBox2 loaded 1 chars with 0 blanks and 1 valid
4.7964 	DEBUG 	TextBox2 loaded 1 chars with 0 blanks and 1 valid
4.7971 	DEBUG 	TextBox2 loaded 1 chars with 0 blanks and 1 valid
4.7979 	DEBUG 	TextBox2 loaded 1 chars with 0 blanks and 1 valid
4.7982 	DEBUG 	TextBox2 loaded 1 chars with 0 blanks and 1 valid
4.7986 	DEBUG 	TextBox2 loaded 1 chars with 0 blanks and 1 valid
4.7993 	DEBUG 	TextBox2 loaded 1 chars with 0 blanks and 1 valid
4.7999 	DEBUG 	TextBox2 loaded 1 chars with 0 blanks and 1 valid
4.8006 	DEBUG 	TextBox2 loaded 1 chars with 0 blanks and 1 valid
4.8013 	DEBUG 	TextBox2 loaded 1 chars with 0 blanks and 1 valid
4.8019 	DEBUG 	TextBox2 loaded 1 chars with 0 blanks and 1 valid
4.8025 	DEBUG 	TextBox2 loaded 1 chars with 0 blanks and 1 valid
4.8032 	DEBUG 	TextBox2 loaded 1 chars with 0 blanks and 1 valid
4.8036 	DEBUG 	TextBox2 loaded 1 chars with 0 blanks and 1 valid
4.8041 	DEBUG 	TextBox2 loaded 1 chars with 0 blanks and 1 valid
4.8050 	DEBUG 	TextBox2 loaded 1 chars with 0 blanks and 1 valid
4.8054 	DEBUG 	TextBox2 loaded 1 chars with 0 blanks and 1 valid
4.8057 	DEBUG 	Uploading Texture Font fontname to graphics card
4.8082 	DEBUG 	Upload of Texture Font fontname complete
4.8142 	DEBUG 	TextBox2 loaded 1 chars with 0 blanks and 1 valid
4.8151 	DEBUG 	TextBox2 loaded 1 chars with 0 blanks and 1 valid
4.8159 	DEBUG 	TextBox2 loaded 1 chars with 0 blanks and 1 valid
4.8162 	DEBUG 	Uploading Texture Font fontname to graphics card
4.8173 	DEBUG 	Upload of Texture Font fontname complete
4.8191 	EXP 	window1: Attempting to measure frame rate of screen (0) ...
4.8192 	EXP 	window1: recordFrameIntervals = False
4.8751 	EXP 	window1: recordFrameIntervals = True
4.9293 	EXP 	Screen (0) actual frame rate measured at 200.92Hz
4.9293 	EXP 	window1: recordFrameIntervals = False
4.9344 	DEBUG 	TextBox2 loaded 1 chars with 0 blanks and 1 valid
4.9349 	DEBUG 	TextBox2 loaded 1 chars with 0 blanks and 1 valid
4.9356 	DEBUG 	TextBox2 loaded 1 chars with 0 blanks and 1 valid
4.9366 	DEBUG 	TextBox2 loaded 1 chars with 0 blanks and 1 valid
4.9375 	DEBUG 	TextBox2 loaded 1 chars with 0 blanks and 1 valid
4.9384 	DEBUG 	TextBox2 loaded 1 chars with 0 blanks and 1 valid
4.9389 	DEBUG 	TextBox2 loaded 1 chars with 0 blanks and 1 valid
4.9397 	DEBUG 	TextBox2 loaded 1 chars with 0 blanks and 1 valid
4.9407 	DEBUG 	TextBox2 loaded 1 chars with 0 blanks and 1 valid
4.9415 	DEBUG 	TextBox2 loaded 1 chars with 0 blanks and 1 valid
4.9418 	DEBUG 	Uploading Texture Font fontname to graphics card
4.9424 	DEBUG 	Upload of Texture Font fontname complete
4.9530 	WARNING 	launchHubServer: If using the iohub mouse or eyetracker devices, fullScr should be True.
7.2205 	INFO 	keyboard.Keyboard is using iohub backend.
7.2205 	EXP 	game: status = STARTED
7.5367 	EXP 	Created background = ImageStim(__class__=<class 'psychopy.visual.image.ImageStim'>, anchor=('center', 'center'), autoLog=True, color=array([1., 1., 1.]), colorSpace='rgb', contrast=1.0, depth=0.0, draggable=False, flipHoriz=False, flipVert=False, image='Assets/background.jpg', interpolate=True, mask=None, maskParams=None, name='background', opacity=1, ori=0.0, pos=array([0., 0.]), size=array([2., 2.]), texRes=128.0, units='height', win=Window(...))
7.5949 	EXP 	Created dino_image = ImageStim(__class__=<class 'psychopy.visual.image.ImageStim'>, anchor=('center', 'center'), autoLog=True, color=array([1., 1., 1.]), colorSpace='rgb', contrast=1.0, depth=-1.0, draggable=False, flipHoriz=False, flipVert=False, image='Assets/dino.png', interpolate=True, mask=None, maskParams=None, name='dino_image', opacity=1, ori=0.0, pos=array([0., 0.]), size=array([0.2, 0.2]), texRes=128.0, units='height', win=Window(...))
7.5949 	INFO 	keyboard.Keyboard is using iohub backend.
7.6112 	DEBUG 	Saving data for game ExperimentHandler
7.6118 	INFO 	saved data to D:\Users\areya\Desktop\work\motor-learning-research-project\Game\data/204824_game_2024-12-04_03h26.51.173.psydat
7.6122 	INFO 	saved data to 'D:\\Users\\areya\\Desktop\\work\\motor-learning-research-project\\Game\\data/204824_game_2024-12-04_03h26.51.173.csv'
