4.9885 	INFO 	Loaded monitor calibration from ['2024_11_11 13:57']
5.2809 	EXP 	Created window1 = Window(allowGUI=True, allowStencil=False, autoLog=True, backendConf=UNKNOWN, backgroundFit=<method-wrapper '__getattribute__' of attributeSetter object at 0x000001C850082890>, backgroundImage=<method-wrapper '__getattribute__' of attributeSetter object at 0x000001C850081D50>, bitsMode=UNKNOWN, blendMode='avg', bpc=(8, 8, 8), color=array([0, 0, 0]), colorSpace='rgb', depthBits=8, fullscr=False, gamma=None, gammaErrorPolicy='raise', infoMsg=UNKNOWN, lms=UNKNOWN, monitor=<psychopy.monitors.calibTools.Monitor object at 0x000001C859894F70>, multiSample=False, name='window1', numSamples=2, pos=[880.0, 240.0], screen=0, size=array([800, 600]), stencilBits=0, stereo=False, title='PsychoPy', units='height', useFBO=True, useRetina=False, viewOri=0.0, viewPos=None, viewScale=None, waitBlanking=True, winType='pyglet')
5.2809 	EXP 	window1: backgroundImage = ''
5.2809 	EXP 	window1: backgroundFit = 'none'
5.2880 	DEBUG 	TextBox2 loaded 1 chars with 0 blanks and 1 valid
5.2887 	DEBUG 	TextBox2 loaded 1 chars with 0 blanks and 1 valid
5.2894 	DEBUG 	TextBox2 loaded 1 chars with 0 blanks and 1 valid
5.2903 	DEBUG 	TextBox2 loaded 1 chars with 0 blanks and 1 valid
5.2911 	DEBUG 	TextBox2 loaded 1 chars with 0 blanks and 1 valid
5.2916 	DEBUG 	TextBox2 loaded 1 chars with 0 blanks and 1 valid
5.2923 	DEBUG 	TextBox2 loaded 1 chars with 0 blanks and 1 valid
5.2932 	DEBUG 	TextBox2 loaded 1 chars with 0 blanks and 1 valid
5.2935 	DEBUG 	TextBox2 loaded 1 chars with 0 blanks and 1 valid
5.2938 	DEBUG 	TextBox2 loaded 1 chars with 0 blanks and 1 valid
5.2945 	DEBUG 	TextBox2 loaded 1 chars with 0 blanks and 1 valid
5.2952 	DEBUG 	TextBox2 loaded 1 chars with 0 blanks and 1 valid
5.2958 	DEBUG 	TextBox2 loaded 1 chars with 0 blanks and 1 valid
5.2965 	DEBUG 	TextBox2 loaded 1 chars with 0 blanks and 1 valid
5.2971 	DEBUG 	TextBox2 loaded 1 chars with 0 blanks and 1 valid
5.2979 	DEBUG 	TextBox2 loaded 1 chars with 0 blanks and 1 valid
5.2986 	DEBUG 	TextBox2 loaded 1 chars with 0 blanks and 1 valid
5.2990 	DEBUG 	TextBox2 loaded 1 chars with 0 blanks and 1 valid
5.2995 	DEBUG 	TextBox2 loaded 1 chars with 0 blanks and 1 valid
5.3004 	DEBUG 	TextBox2 loaded 1 chars with 0 blanks and 1 valid
5.3008 	DEBUG 	TextBox2 loaded 1 chars with 0 blanks and 1 valid
5.3011 	DEBUG 	Uploading Texture Font fontname to graphics card
5.3035 	DEBUG 	Upload of Texture Font fontname complete
5.3096 	DEBUG 	TextBox2 loaded 1 chars with 0 blanks and 1 valid
5.3105 	DEBUG 	TextBox2 loaded 1 chars with 0 blanks and 1 valid
5.3114 	DEBUG 	TextBox2 loaded 1 chars with 0 blanks and 1 valid
5.3117 	DEBUG 	Uploading Texture Font fontname to graphics card
5.3129 	DEBUG 	Upload of Texture Font fontname complete
5.3148 	EXP 	window1: Attempting to measure frame rate of screen (0) ...
5.3148 	EXP 	window1: recordFrameIntervals = False
5.3732 	EXP 	window1: recordFrameIntervals = True
5.4293 	EXP 	Screen (0) actual frame rate measured at 196.72Hz
5.4293 	EXP 	window1: recordFrameIntervals = False
5.4357 	DEBUG 	TextBox2 loaded 1 chars with 0 blanks and 1 valid
5.4364 	DEBUG 	TextBox2 loaded 1 chars with 0 blanks and 1 valid
5.4376 	DEBUG 	TextBox2 loaded 1 chars with 0 blanks and 1 valid
5.4391 	DEBUG 	TextBox2 loaded 1 chars with 0 blanks and 1 valid
5.4402 	DEBUG 	TextBox2 loaded 1 chars with 0 blanks and 1 valid
5.4413 	DEBUG 	TextBox2 loaded 1 chars with 0 blanks and 1 valid
5.4422 	DEBUG 	TextBox2 loaded 1 chars with 0 blanks and 1 valid
5.4432 	DEBUG 	TextBox2 loaded 1 chars with 0 blanks and 1 valid
5.4445 	DEBUG 	TextBox2 loaded 1 chars with 0 blanks and 1 valid
5.4456 	DEBUG 	TextBox2 loaded 1 chars with 0 blanks and 1 valid
5.4459 	DEBUG 	Uploading Texture Font fontname to graphics card
5.4474 	DEBUG 	Upload of Texture Font fontname complete
5.4598 	WARNING 	launchHubServer: If using the iohub mouse or eyetracker devices, fullScr should be True.
7.9338 	INFO 	keyboard.Keyboard is using iohub backend.
7.9338 	EXP 	game: status = STARTED
7.9459 	EXP 	Created background1 = ImageStim(__class__=<class 'psychopy.visual.image.ImageStim'>, anchor=('center', 'center'), autoLog=True, color=array([1., 1., 1.]), colorSpace='rgb', contrast=1.0, depth=0.0, draggable=False, flipHoriz=False, flipVert=False, image='Assets/7.png', interpolate=True, mask=None, maskParams=None, name='background1', opacity=1, ori=0.0, pos=array([0., 0.]), size=array([2., 1.]), texRes=128.0, units='height', win=Window(...))
7.9566 	EXP 	Created background2 = ImageStim(__class__=<class 'psychopy.visual.image.ImageStim'>, anchor=('center', 'center'), autoLog=True, color=array([1., 1., 1.]), colorSpace='rgb', contrast=1.0, depth=-1.0, draggable=False, flipHoriz=False, flipVert=False, image='Assets/7.png', interpolate=True, mask=None, maskParams=None, name='background2', opacity=1, ori=0.0, pos=array([0., 0.]), size=array([2., 1.]), texRes=128.0, units='height', win=Window(...))
8.0223 	EXP 	Created dino_image = ImageStim(__class__=<class 'psychopy.visual.image.ImageStim'>, anchor=('center', 'center'), autoLog=True, color=array([1., 1., 1.]), colorSpace='rgb', contrast=1.0, depth=-2.0, draggable=False, flipHoriz=False, flipVert=False, image='Assets/dino.png', interpolate=True, mask=None, maskParams=None, name='dino_image', opacity=1, ori=0.0, pos=array([0., 0.]), size=array([0.2, 0.2]), texRes=128.0, units='height', win=Window(...))
8.0233 	EXP 	Created floor = Rect(__class__=<class 'psychopy.visual.rect.Rect'>, anchor=('center', 'center'), autoDraw=False, autoLog=True, closeShape=True, color=method-wrapper(...), colorSpace='rgb', contrast=None, depth=-3.0, draggable=False, fillColor=array([-1., -1., -1.]), fillColorSpace='rgb', fillRGB=array([-1., -1., -1.]), interpolate=True, lineColor=array([-1., -1., -1.]), lineColorSpace='rgb', lineRGB=array([-1., -1., -1.]), lineWidth=1.0, name='floor', opacity=1, ori=0.0, pos=array([-1. , -0.5]), size=array([1. , 0.3]), units='height', vertices=ndarray(...), win=Window(...))
8.0234 	INFO 	keyboard.Keyboard is using iohub backend.
8.0408 	DEBUG 	Saving data for game ExperimentHandler
8.0420 	INFO 	saved data to D:\Users\areya\Desktop\work\motor-learning-research-project\Game\data/334440_game_2024-12-05_13h47.51.705.psydat
8.0437 	INFO 	saved data to 'D:\\Users\\areya\\Desktop\\work\\motor-learning-research-project\\Game\\data/334440_game_2024-12-05_13h47.51.705.csv'
