24.8458 	INFO 	Loaded monitor calibration from ['2024_11_11 13:57']
25.9297 	EXP 	Created window1 = Window(allowGUI=True, allowStencil=False, autoLog=True, backendConf=UNKNOWN, backgroundFit=<method-wrapper '__getattribute__' of attributeSetter object at 0x000001D539653D60>, backgroundImage=<method-wrapper '__getattribute__' of attributeSetter object at 0x000001D539653D00>, bitsMode=UNKNOWN, blendMode='avg', bpc=(8, 8, 8), color=array([0, 0, 0]), colorSpace='rgb', depthBits=8, fullscr=False, gamma=None, gammaErrorPolicy='raise', infoMsg=UNKNOWN, lms=UNKNOWN, monitor=<psychopy.monitors.calibTools.Monitor object at 0x000001D543F87B50>, multiSample=False, name='window1', numSamples=2, pos=[880.0, 240.0], screen=0, size=array([800, 600]), stencilBits=0, stereo=False, title='PsychoPy', units='height', useFBO=True, useRetina=False, viewOri=0.0, viewPos=None, viewScale=None, waitBlanking=True, winType='pyglet')
25.9297 	EXP 	window1: backgroundImage = ''
25.9297 	EXP 	window1: backgroundFit = 'none'
25.9429 	DEBUG 	TextBox2 loaded 1 chars with 0 blanks and 1 valid
25.9436 	DEBUG 	TextBox2 loaded 1 chars with 0 blanks and 1 valid
25.9443 	DEBUG 	TextBox2 loaded 1 chars with 0 blanks and 1 valid
25.9453 	DEBUG 	TextBox2 loaded 1 chars with 0 blanks and 1 valid
25.9463 	DEBUG 	TextBox2 loaded 1 chars with 0 blanks and 1 valid
25.9468 	DEBUG 	TextBox2 loaded 1 chars with 0 blanks and 1 valid
25.9474 	DEBUG 	TextBox2 loaded 1 chars with 0 blanks and 1 valid
25.9483 	DEBUG 	TextBox2 loaded 1 chars with 0 blanks and 1 valid
25.9486 	DEBUG 	TextBox2 loaded 1 chars with 0 blanks and 1 valid
25.9490 	DEBUG 	TextBox2 loaded 1 chars with 0 blanks and 1 valid
25.9498 	DEBUG 	TextBox2 loaded 1 chars with 0 blanks and 1 valid
25.9506 	DEBUG 	TextBox2 loaded 1 chars with 0 blanks and 1 valid
25.9512 	DEBUG 	TextBox2 loaded 1 chars with 0 blanks and 1 valid
25.9519 	DEBUG 	TextBox2 loaded 1 chars with 0 blanks and 1 valid
25.9524 	DEBUG 	TextBox2 loaded 1 chars with 0 blanks and 1 valid
25.9531 	DEBUG 	TextBox2 loaded 1 chars with 0 blanks and 1 valid
25.9538 	DEBUG 	TextBox2 loaded 1 chars with 0 blanks and 1 valid
25.9544 	DEBUG 	TextBox2 loaded 1 chars with 0 blanks and 1 valid
25.9549 	DEBUG 	TextBox2 loaded 1 chars with 0 blanks and 1 valid
25.9559 	DEBUG 	TextBox2 loaded 1 chars with 0 blanks and 1 valid
25.9563 	DEBUG 	TextBox2 loaded 1 chars with 0 blanks and 1 valid
25.9566 	DEBUG 	Uploading Texture Font fontname to graphics card
25.9593 	DEBUG 	Upload of Texture Font fontname complete
25.9656 	DEBUG 	TextBox2 loaded 1 chars with 0 blanks and 1 valid
25.9665 	DEBUG 	TextBox2 loaded 1 chars with 0 blanks and 1 valid
25.9673 	DEBUG 	TextBox2 loaded 1 chars with 0 blanks and 1 valid
25.9675 	DEBUG 	Uploading Texture Font fontname to graphics card
25.9684 	DEBUG 	Upload of Texture Font fontname complete
25.9703 	EXP 	window1: Attempting to measure frame rate of screen (0) ...
25.9704 	EXP 	window1: recordFrameIntervals = False
26.0303 	EXP 	window1: recordFrameIntervals = True
26.0853 	EXP 	Screen (0) actual frame rate measured at 199.47Hz
26.0854 	EXP 	window1: recordFrameIntervals = False
26.0906 	DEBUG 	TextBox2 loaded 1 chars with 0 blanks and 1 valid
26.0910 	DEBUG 	TextBox2 loaded 1 chars with 0 blanks and 1 valid
26.0918 	DEBUG 	TextBox2 loaded 1 chars with 0 blanks and 1 valid
26.0927 	DEBUG 	TextBox2 loaded 1 chars with 0 blanks and 1 valid
26.0936 	DEBUG 	TextBox2 loaded 1 chars with 0 blanks and 1 valid
26.0946 	DEBUG 	TextBox2 loaded 1 chars with 0 blanks and 1 valid
26.0951 	DEBUG 	TextBox2 loaded 1 chars with 0 blanks and 1 valid
26.0959 	DEBUG 	TextBox2 loaded 1 chars with 0 blanks and 1 valid
26.0968 	DEBUG 	TextBox2 loaded 1 chars with 0 blanks and 1 valid
26.0977 	DEBUG 	TextBox2 loaded 1 chars with 0 blanks and 1 valid
26.0979 	DEBUG 	Uploading Texture Font fontname to graphics card
26.0985 	DEBUG 	Upload of Texture Font fontname complete
26.1399 	WARNING 	launchHubServer: If using the iohub mouse or eyetracker devices, fullScr should be True.
29.4723 	INFO 	keyboard.Keyboard is using iohub backend.
29.4723 	EXP 	game: status = STARTED
29.4934 	EXP 	Created background1 = ImageStim(__class__=<class 'psychopy.visual.image.ImageStim'>, anchor=('center', 'center'), autoLog=True, color=array([1., 1., 1.]), colorSpace='rgb', contrast=1.0, depth=0.0, draggable=False, flipHoriz=False, flipVert=False, image='Assets/7.png', interpolate=True, mask=None, maskParams=None, name='background1', opacity=1, ori=0.0, pos=array([0., 0.]), size=array([2., 1.]), texRes=128.0, units='height', win=Window(...))
29.5037 	EXP 	Created background2 = ImageStim(__class__=<class 'psychopy.visual.image.ImageStim'>, anchor=('center', 'center'), autoLog=True, color=array([1., 1., 1.]), colorSpace='rgb', contrast=1.0, depth=-1.0, draggable=False, flipHoriz=False, flipVert=False, image='Assets/7.png', interpolate=True, mask=None, maskParams=None, name='background2', opacity=1, ori=0.0, pos=array([0., 0.]), size=array([2., 1.]), texRes=128.0, units='height', win=Window(...))
29.5138 	EXP 	Created background3 = ImageStim(__class__=<class 'psychopy.visual.image.ImageStim'>, anchor=('center', 'center'), autoLog=True, color=array([1., 1., 1.]), colorSpace='rgb', contrast=1.0, depth=-2.0, draggable=False, flipHoriz=False, flipVert=False, image='Assets/7.png', interpolate=True, mask=None, maskParams=None, name='background3', opacity=1, ori=0.0, pos=array([0., 0.]), size=array([2., 1.]), texRes=128.0, units='height', win=Window(...))
29.5921 	EXP 	Created dino_image = ImageStim(__class__=<class 'psychopy.visual.image.ImageStim'>, anchor=('center', 'center'), autoLog=True, color=array([1., 1., 1.]), colorSpace='rgb', contrast=1.0, depth=-3.0, draggable=False, flipHoriz=False, flipVert=False, image='Assets/dino.png', interpolate=True, mask=None, maskParams=None, name='dino_image', opacity=1, ori=0.0, pos=array([0., 0.]), size=array([0.2, 0.2]), texRes=128.0, units='height', win=Window(...))
29.5931 	EXP 	Created floor = Rect(__class__=<class 'psychopy.visual.rect.Rect'>, anchor=('center', 'center'), autoDraw=False, autoLog=True, closeShape=True, color=method-wrapper(...), colorSpace='rgb', contrast=None, depth=-4.0, draggable=False, fillColor=array([-1., -1., -1.]), fillColorSpace='rgb', fillRGB=array([-1., -1., -1.]), interpolate=True, lineColor=array([-1., -1., -1.]), lineColorSpace='rgb', lineRGB=array([-1., -1., -1.]), lineWidth=1.0, name='floor', opacity=1, ori=0.0, pos=array([-0.5, -0.5]), size=array([0.5, 0.3]), units='height', vertices=ndarray(...), win=Window(...))
29.5931 	INFO 	keyboard.Keyboard is using iohub backend.
29.6122 	DEBUG 	Saving data for game ExperimentHandler
29.6129 	INFO 	saved data to D:\Users\areya\Desktop\work\motor-learning-research-project\Game\data/391020_game_2024-12-06_13h49.29.012.psydat
29.6134 	INFO 	saved data to 'D:\\Users\\areya\\Desktop\\work\\motor-learning-research-project\\Game\\data/391020_game_2024-12-06_13h49.29.012.csv'
