5.1912 	INFO 	Loaded monitor calibration from ['2024_11_11 13:57']
5.4717 	EXP 	Created window1 = Window(allowGUI=False, allowStencil=False, autoLog=True, backendConf=UNKNOWN, backgroundFit=<method-wrapper '__getattribute__' of attributeSetter object at 0x0000013F540BED40>, backgroundImage=<method-wrapper '__getattribute__' of attributeSetter object at 0x0000013F540BEDA0>, bitsMode=UNKNOWN, blendMode='avg', bpc=(8, 8, 8), color=array([0, 0, 0]), colorSpace='rgb', depthBits=8, fullscr=True, gamma=None, gammaErrorPolicy='raise', infoMsg=UNKNOWN, lms=UNKNOWN, monitor=<psychopy.monitors.calibTools.Monitor object at 0x0000013F5418F3D0>, multiSample=False, name='window1', numSamples=2, pos=[0.0, 0.0], screen=0, size=array([2560, 1080]), stencilBits=0, stereo=False, title='PsychoPy', units='height', useFBO=True, useRetina=False, viewOri=0.0, viewPos=None, viewScale=None, waitBlanking=True, winType='pyglet')
5.4718 	EXP 	window1: backgroundImage = ''
5.4718 	EXP 	window1: backgroundFit = 'none'
5.5215 	EXP 	window1: Attempting to measure frame rate of screen (0) ...
5.5216 	EXP 	window1: recordFrameIntervals = False
5.5951 	EXP 	window1: recordFrameIntervals = True
5.6502 	EXP 	Screen (0) actual frame rate measured at 199.98Hz
5.6502 	EXP 	window1: recordFrameIntervals = False
7.9196 	INFO 	keyboard.Keyboard is using iohub backend.
7.9196 	EXP 	game: status = STARTED
8.2437 	EXP 	Created Background = ImageStim(__class__=<class 'psychopy.visual.image.ImageStim'>, anchor=('center', 'center'), autoLog=True, color=array([1., 1., 1.]), colorSpace='rgb', contrast=1.0, depth=0.0, draggable=False, flipHoriz=False, flipVert=False, image='Assets/background.jpg', interpolate=True, mask=None, maskParams=None, name='Background', opacity=1, ori=0.0, pos=array([0., 0.]), size=array([2., 2.]), texRes=128.0, units='height', win=Window(...))
8.3027 	EXP 	Created dino_image = ImageStim(__class__=<class 'psychopy.visual.image.ImageStim'>, anchor=('center', 'center'), autoLog=True, color=array([1., 1., 1.]), colorSpace='rgb', contrast=1.0, depth=-1.0, draggable=False, flipHoriz=False, flipVert=False, image='Assets/dino.png', interpolate=True, mask=None, maskParams=None, name='dino_image', opacity=1, ori=0.0, pos=array([0., 0.]), size=array([0.2, 0.2]), texRes=128.0, units='height', win=Window(...))
8.3036 	EXP 	Created floor = Rect(__class__=<class 'psychopy.visual.rect.Rect'>, anchor=('center', 'center'), autoDraw=False, autoLog=True, closeShape=True, color=method-wrapper(...), colorSpace='rgb', contrast=None, depth=-3.0, draggable=False, fillColor=array([-1., -1., -1.]), fillColorSpace='rgb', fillRGB=array([-1., -1., -1.]), interpolate=True, lineColor=array([-1., -1., -1.]), lineColorSpace='rgb', lineRGB=array([-1., -1., -1.]), lineWidth=1.0, name='floor', opacity=1, ori=0.0, pos=array([ 0. , -0.5]), size=array([1. , 0.3]), units='height', vertices=ndarray(...), win=Window(...))
0.0064 	EXP 	Background: autoDraw = True
0.0064 	EXP 	dino_image: autoDraw = True
0.0064 	EXP 	floor: autoDraw = True
6.1866 	DATA 	Keypress: right
6.8320 	DATA 	Keypress: up
14.9812 	DATA 	Keypress: escape
15.1568 	EXP 	game: status = STOPPED
15.1610 	EXP 	Background: autoDraw = False
15.1610 	EXP 	dino_image: autoDraw = False
15.1610 	EXP 	floor: autoDraw = False
15.1610 	EXP 	game: status = STOPPED
15.1623 	INFO 	saved data to 'D:\\Users\\areya\\Desktop\\work\\motor-learning-research-project\\Game\\data/413279_game_2024-12-02_14h18.59.572.csv'
15.1628 	INFO 	saved data to D:\Users\areya\Desktop\work\motor-learning-research-project\Game\data/413279_game_2024-12-02_14h18.59.572.psydat
