4.5906 	INFO 	Loaded monitor calibration from ['2024_11_11 13:57']
4.8670 	EXP 	Created window1 = Window(allowGUI=True, allowStencil=False, autoLog=True, backendConf=UNKNOWN, backgroundFit=<method-wrapper '__getattribute__' of attributeSetter object at 0x0000026556F041F0>, backgroundImage=<method-wrapper '__getattribute__' of attributeSetter object at 0x0000026556F04190>, bitsMode=UNKNOWN, blendMode='avg', bpc=(8, 8, 8), color=array([0, 0, 0]), colorSpace='rgb', depthBits=8, fullscr=False, gamma=None, gammaErrorPolicy='raise', infoMsg=UNKNOWN, lms=UNKNOWN, monitor=<psychopy.monitors.calibTools.Monitor object at 0x0000026556F927D0>, multiSample=False, name='window1', numSamples=2, pos=[880.0, 240.0], screen=0, size=array([800, 600]), stencilBits=0, stereo=False, title='PsychoPy', units='height', useFBO=True, useRetina=False, viewOri=0.0, viewPos=None, viewScale=None, waitBlanking=True, winType='pyglet')
4.8670 	EXP 	window1: backgroundImage = ''
4.8671 	EXP 	window1: backgroundFit = 'none'
4.8734 	DEBUG 	TextBox2 loaded 1 chars with 0 blanks and 1 valid
4.8741 	DEBUG 	TextBox2 loaded 1 chars with 0 blanks and 1 valid
4.8748 	DEBUG 	TextBox2 loaded 1 chars with 0 blanks and 1 valid
4.8757 	DEBUG 	TextBox2 loaded 1 chars with 0 blanks and 1 valid
4.8765 	DEBUG 	TextBox2 loaded 1 chars with 0 blanks and 1 valid
4.8769 	DEBUG 	TextBox2 loaded 1 chars with 0 blanks and 1 valid
4.8776 	DEBUG 	TextBox2 loaded 1 chars with 0 blanks and 1 valid
4.8785 	DEBUG 	TextBox2 loaded 1 chars with 0 blanks and 1 valid
4.8788 	DEBUG 	TextBox2 loaded 1 chars with 0 blanks and 1 valid
4.8791 	DEBUG 	TextBox2 loaded 1 chars with 0 blanks and 1 valid
4.8798 	DEBUG 	TextBox2 loaded 1 chars with 0 blanks and 1 valid
4.8805 	DEBUG 	TextBox2 loaded 1 chars with 0 blanks and 1 valid
4.8811 	DEBUG 	TextBox2 loaded 1 chars with 0 blanks and 1 valid
4.8818 	DEBUG 	TextBox2 loaded 1 chars with 0 blanks and 1 valid
4.8823 	DEBUG 	TextBox2 loaded 1 chars with 0 blanks and 1 valid
4.8830 	DEBUG 	TextBox2 loaded 1 chars with 0 blanks and 1 valid
4.8837 	DEBUG 	TextBox2 loaded 1 chars with 0 blanks and 1 valid
4.8841 	DEBUG 	TextBox2 loaded 1 chars with 0 blanks and 1 valid
4.8845 	DEBUG 	TextBox2 loaded 1 chars with 0 blanks and 1 valid
4.8854 	DEBUG 	TextBox2 loaded 1 chars with 0 blanks and 1 valid
4.8858 	DEBUG 	TextBox2 loaded 1 chars with 0 blanks and 1 valid
4.8861 	DEBUG 	Uploading Texture Font fontname to graphics card
4.8888 	DEBUG 	Upload of Texture Font fontname complete
4.8950 	DEBUG 	TextBox2 loaded 1 chars with 0 blanks and 1 valid
4.8959 	DEBUG 	TextBox2 loaded 1 chars with 0 blanks and 1 valid
4.8968 	DEBUG 	TextBox2 loaded 1 chars with 0 blanks and 1 valid
4.8970 	DEBUG 	Uploading Texture Font fontname to graphics card
4.8979 	DEBUG 	Upload of Texture Font fontname complete
4.8996 	EXP 	window1: Attempting to measure frame rate of screen (0) ...
4.8996 	EXP 	window1: recordFrameIntervals = False
4.9650 	EXP 	window1: recordFrameIntervals = True
5.0201 	EXP 	Screen (0) actual frame rate measured at 200.81Hz
5.0201 	EXP 	window1: recordFrameIntervals = False
5.0250 	DEBUG 	TextBox2 loaded 1 chars with 0 blanks and 1 valid
5.0255 	DEBUG 	TextBox2 loaded 1 chars with 0 blanks and 1 valid
5.0263 	DEBUG 	TextBox2 loaded 1 chars with 0 blanks and 1 valid
5.0274 	DEBUG 	TextBox2 loaded 1 chars with 0 blanks and 1 valid
5.0285 	DEBUG 	TextBox2 loaded 1 chars with 0 blanks and 1 valid
5.0295 	DEBUG 	TextBox2 loaded 1 chars with 0 blanks and 1 valid
5.0300 	DEBUG 	TextBox2 loaded 1 chars with 0 blanks and 1 valid
5.0309 	DEBUG 	TextBox2 loaded 1 chars with 0 blanks and 1 valid
5.0319 	DEBUG 	TextBox2 loaded 1 chars with 0 blanks and 1 valid
5.0328 	DEBUG 	TextBox2 loaded 1 chars with 0 blanks and 1 valid
5.0331 	DEBUG 	Uploading Texture Font fontname to graphics card
5.0339 	DEBUG 	Upload of Texture Font fontname complete
5.0455 	WARNING 	launchHubServer: If using the iohub mouse or eyetracker devices, fullScr should be True.
7.3142 	INFO 	keyboard.Keyboard is using iohub backend.
7.3143 	EXP 	game: status = STARTED
7.3255 	EXP 	Created background0 = ImageStim(__class__=<class 'psychopy.visual.image.ImageStim'>, anchor=('center', 'center'), autoLog=True, color=array([1., 1., 1.]), colorSpace='rgb', contrast=1.0, depth=0.0, draggable=False, flipHoriz=False, flipVert=False, image='Assets/7.png', interpolate=True, mask=None, maskParams=None, name='background0', opacity=1, ori=0.0, pos=array([0., 0.]), size=array([2., 1.]), texRes=128.0, units='height', win=Window(...))
7.3351 	EXP 	Created background1 = ImageStim(__class__=<class 'psychopy.visual.image.ImageStim'>, anchor=('center', 'center'), autoLog=True, color=array([1., 1., 1.]), colorSpace='rgb', contrast=1.0, depth=-1.0, draggable=False, flipHoriz=False, flipVert=False, image='Assets/7.png', interpolate=True, mask=None, maskParams=None, name='background1', opacity=1, ori=0.0, pos=array([0., 0.]), size=array([2., 1.]), texRes=128.0, units='height', win=Window(...))
7.3439 	EXP 	Created background2 = ImageStim(__class__=<class 'psychopy.visual.image.ImageStim'>, anchor=('center', 'center'), autoLog=True, color=array([1., 1., 1.]), colorSpace='rgb', contrast=1.0, depth=-2.0, draggable=False, flipHoriz=False, flipVert=False, image='Assets/7.png', interpolate=True, mask=None, maskParams=None, name='background2', opacity=1, ori=0.0, pos=array([0., 0.]), size=array([2., 1.]), texRes=128.0, units='height', win=Window(...))
7.4021 	EXP 	Created dino_image = ImageStim(__class__=<class 'psychopy.visual.image.ImageStim'>, anchor=('center', 'center'), autoLog=True, color=array([1., 1., 1.]), colorSpace='rgb', contrast=1.0, depth=-3.0, draggable=False, flipHoriz=False, flipVert=False, image='Assets/dino.png', interpolate=True, mask=None, maskParams=None, name='dino_image', opacity=1, ori=0.0, pos=array([0., 0.]), size=array([0.2, 0.2]), texRes=128.0, units='height', win=Window(...))
7.4030 	EXP 	Created floor = Rect(__class__=<class 'psychopy.visual.rect.Rect'>, anchor=('center', 'center'), autoDraw=False, autoLog=True, closeShape=True, color=method-wrapper(...), colorSpace='rgb', contrast=None, depth=-4.0, draggable=False, fillColor=array([-1., -1., -1.]), fillColorSpace='rgb', fillRGB=array([-1., -1., -1.]), interpolate=True, lineColor=array([-1., -1., -1.]), lineColorSpace='rgb', lineRGB=array([-1., -1., -1.]), lineWidth=1.0, name='floor', opacity=1, ori=0.0, pos=array([ 0. , -0.5]), size=array([1. , 0.3]), units='height', vertices=ndarray(...), win=Window(...))
7.4031 	INFO 	keyboard.Keyboard is using iohub backend.
7.4187 	DEBUG 	Saving data for game ExperimentHandler
7.4197 	INFO 	saved data to D:\Users\areya\Desktop\work\motor-learning-research-project\Game\data/454145_game_2024-12-04_04h20.19.897.psydat
7.4204 	INFO 	saved data to 'D:\\Users\\areya\\Desktop\\work\\motor-learning-research-project\\Game\\data/454145_game_2024-12-04_04h20.19.897.csv'
