4.4131 	INFO 	Loaded monitor calibration from ['2024_11_11 13:57']
4.6609 	EXP 	Created window1 = Window(allowGUI=True, allowStencil=False, autoLog=True, backendConf=UNKNOWN, backgroundFit=<method-wrapper '__getattribute__' of attributeSetter object at 0x0000022E48EF41C0>, backgroundImage=<method-wrapper '__getattribute__' of attributeSetter object at 0x0000022E48EF4220>, bitsMode=UNKNOWN, blendMode='avg', bpc=(8, 8, 8), color=array([0, 0, 0]), colorSpace='rgb', depthBits=8, fullscr=False, gamma=None, gammaErrorPolicy='raise', infoMsg=UNKNOWN, lms=UNKNOWN, monitor=<psychopy.monitors.calibTools.Monitor object at 0x0000022E48FC4130>, multiSample=False, name='window1', numSamples=2, pos=[880.0, 240.0], screen=0, size=array([800, 600]), stencilBits=0, stereo=False, title='PsychoPy', units='height', useFBO=True, useRetina=False, viewOri=0.0, viewPos=None, viewScale=None, waitBlanking=True, winType='pyglet')
4.6610 	EXP 	window1: backgroundImage = ''
4.6610 	EXP 	window1: backgroundFit = 'none'
4.6673 	DEBUG 	TextBox2 loaded 1 chars with 0 blanks and 1 valid
4.6679 	DEBUG 	TextBox2 loaded 1 chars with 0 blanks and 1 valid
4.6686 	DEBUG 	TextBox2 loaded 1 chars with 0 blanks and 1 valid
4.6694 	DEBUG 	TextBox2 loaded 1 chars with 0 blanks and 1 valid
4.6702 	DEBUG 	TextBox2 loaded 1 chars with 0 blanks and 1 valid
4.6707 	DEBUG 	TextBox2 loaded 1 chars with 0 blanks and 1 valid
4.6714 	DEBUG 	TextBox2 loaded 1 chars with 0 blanks and 1 valid
4.6722 	DEBUG 	TextBox2 loaded 1 chars with 0 blanks and 1 valid
4.6726 	DEBUG 	TextBox2 loaded 1 chars with 0 blanks and 1 valid
4.6729 	DEBUG 	TextBox2 loaded 1 chars with 0 blanks and 1 valid
4.6736 	DEBUG 	TextBox2 loaded 1 chars with 0 blanks and 1 valid
4.6743 	DEBUG 	TextBox2 loaded 1 chars with 0 blanks and 1 valid
4.6749 	DEBUG 	TextBox2 loaded 1 chars with 0 blanks and 1 valid
4.6756 	DEBUG 	TextBox2 loaded 1 chars with 0 blanks and 1 valid
4.6761 	DEBUG 	TextBox2 loaded 1 chars with 0 blanks and 1 valid
4.6768 	DEBUG 	TextBox2 loaded 1 chars with 0 blanks and 1 valid
4.6776 	DEBUG 	TextBox2 loaded 1 chars with 0 blanks and 1 valid
4.6780 	DEBUG 	TextBox2 loaded 1 chars with 0 blanks and 1 valid
4.6784 	DEBUG 	TextBox2 loaded 1 chars with 0 blanks and 1 valid
4.6793 	DEBUG 	TextBox2 loaded 1 chars with 0 blanks and 1 valid
4.6797 	DEBUG 	TextBox2 loaded 1 chars with 0 blanks and 1 valid
4.6800 	DEBUG 	Uploading Texture Font fontname to graphics card
4.6824 	DEBUG 	Upload of Texture Font fontname complete
4.6881 	DEBUG 	TextBox2 loaded 1 chars with 0 blanks and 1 valid
4.6890 	DEBUG 	TextBox2 loaded 1 chars with 0 blanks and 1 valid
4.6899 	DEBUG 	TextBox2 loaded 1 chars with 0 blanks and 1 valid
4.6901 	DEBUG 	Uploading Texture Font fontname to graphics card
4.6911 	DEBUG 	Upload of Texture Font fontname complete
4.6928 	EXP 	window1: Attempting to measure frame rate of screen (0) ...
4.6928 	EXP 	window1: recordFrameIntervals = False
4.7474 	EXP 	window1: recordFrameIntervals = True
4.8021 	EXP 	Screen (0) actual frame rate measured at 204.98Hz
4.8021 	EXP 	window1: recordFrameIntervals = False
4.8072 	DEBUG 	TextBox2 loaded 1 chars with 0 blanks and 1 valid
4.8076 	DEBUG 	TextBox2 loaded 1 chars with 0 blanks and 1 valid
4.8084 	DEBUG 	TextBox2 loaded 1 chars with 0 blanks and 1 valid
4.8093 	DEBUG 	TextBox2 loaded 1 chars with 0 blanks and 1 valid
4.8102 	DEBUG 	TextBox2 loaded 1 chars with 0 blanks and 1 valid
4.8111 	DEBUG 	TextBox2 loaded 1 chars with 0 blanks and 1 valid
4.8115 	DEBUG 	TextBox2 loaded 1 chars with 0 blanks and 1 valid
4.8123 	DEBUG 	TextBox2 loaded 1 chars with 0 blanks and 1 valid
4.8133 	DEBUG 	TextBox2 loaded 1 chars with 0 blanks and 1 valid
4.8141 	DEBUG 	TextBox2 loaded 1 chars with 0 blanks and 1 valid
4.8144 	DEBUG 	Uploading Texture Font fontname to graphics card
4.8149 	DEBUG 	Upload of Texture Font fontname complete
4.8254 	WARNING 	launchHubServer: If using the iohub mouse or eyetracker devices, fullScr should be True.
7.0904 	INFO 	keyboard.Keyboard is using iohub backend.
7.0905 	EXP 	game: status = STARTED
7.4096 	EXP 	Created Background = ImageStim(__class__=<class 'psychopy.visual.image.ImageStim'>, anchor=('center', 'center'), autoLog=True, color=array([1., 1., 1.]), colorSpace='rgb', contrast=1.0, depth=0.0, draggable=False, flipHoriz=False, flipVert=False, image='Assets/background.jpg', interpolate=True, mask=None, maskParams=None, name='Background', opacity=1, ori=0.0, pos=array([0., 0.]), size=array([2., 2.]), texRes=128.0, units='height', win=Window(...))
7.4699 	EXP 	Created dino_image = ImageStim(__class__=<class 'psychopy.visual.image.ImageStim'>, anchor=('center', 'center'), autoLog=True, color=array([1., 1., 1.]), colorSpace='rgb', contrast=1.0, depth=-1.0, draggable=False, flipHoriz=False, flipVert=False, image='Assets/dino.png', interpolate=True, mask=None, maskParams=None, name='dino_image', opacity=1, ori=0.0, pos=array([0., 0.]), size=array([0.2, 0.2]), texRes=128.0, units='height', win=Window(...))
7.4700 	INFO 	keyboard.Keyboard is using iohub backend.
7.4858 	DEBUG 	Saving data for game ExperimentHandler
7.4867 	INFO 	saved data to D:\Users\areya\Desktop\work\motor-learning-research-project\Game\data/462364_game_2024-12-04_03h24.12.868.psydat
7.4879 	INFO 	saved data to 'D:\\Users\\areya\\Desktop\\work\\motor-learning-research-project\\Game\\data/462364_game_2024-12-04_03h24.12.868.csv'
