4.9082 	INFO 	Loaded monitor calibration from ['2024_12_16 22:57']
5.6663 	EXP 	Created window1 = Window(allowGUI=True, allowStencil=False, autoLog=True, backendConf=UNKNOWN, backgroundFit=<method-wrapper '__getattribute__' of attributeSetter object at 0x0000015F830A5600>, backgroundImage=<method-wrapper '__getattribute__' of attributeSetter object at 0x0000015F830A55A0>, bitsMode=UNKNOWN, blendMode='avg', bpc=(8, 8, 8), color=array([0, 0, 0]), colorSpace='rgb', depthBits=8, fullscr=False, gamma=None, gammaErrorPolicy='raise', infoMsg=UNKNOWN, lms=UNKNOWN, monitor=<psychopy.monitors.calibTools.Monitor object at 0x0000015F8316FE50>, multiSample=False, name='window1', numSamples=2, pos=[560.0, 140.0], screen=0, size=array([800, 800]), stencilBits=0, stereo=False, title='PsychoPy', units='height', useFBO=True, useRetina=False, viewOri=0.0, viewPos=None, viewScale=None, waitBlanking=True, winType='pyglet')
5.6663 	EXP 	window1: backgroundImage = ''
5.6664 	EXP 	window1: backgroundFit = 'none'
5.7302 	EXP 	window1: Attempting to measure frame rate of screen (0) ...
5.7303 	EXP 	window1: recordFrameIntervals = False
5.9031 	EXP 	window1: recordFrameIntervals = True
6.0868 	EXP 	Screen (0) actual frame rate measured at 60.05Hz
6.0869 	EXP 	window1: recordFrameIntervals = False
6.1116 	WARNING 	launchHubServer: If using the iohub mouse or eyetracker devices, fullScr should be True.
8.7366 	INFO 	keyboard.Keyboard is using iohub backend.
8.7366 	EXP 	game: status = STARTED
8.7444 	EXP 	Created background1 = ImageStim(__class__=<class 'psychopy.visual.image.ImageStim'>, anchor=('center', 'center'), autoLog=True, color=array([1., 1., 1.]), colorSpace='rgb', contrast=1.0, depth=0.0, draggable=False, flipHoriz=False, flipVert=False, image='Assets/7.png', interpolate=True, mask=None, maskParams=None, name='background1', opacity=1, ori=0.0, pos=array([0., 0.]), size=array([2., 1.]), texRes=128.0, units='height', win=Window(...))
8.7487 	EXP 	Created background2 = ImageStim(__class__=<class 'psychopy.visual.image.ImageStim'>, anchor=('center', 'center'), autoLog=True, color=array([1., 1., 1.]), colorSpace='rgb', contrast=1.0, depth=-1.0, draggable=False, flipHoriz=False, flipVert=False, image='Assets/7.png', interpolate=True, mask=None, maskParams=None, name='background2', opacity=1, ori=0.0, pos=array([0., 0.]), size=array([2., 1.]), texRes=128.0, units='height', win=Window(...))
8.7524 	EXP 	Created background3 = ImageStim(__class__=<class 'psychopy.visual.image.ImageStim'>, anchor=('center', 'center'), autoLog=True, color=array([1., 1., 1.]), colorSpace='rgb', contrast=1.0, depth=-2.0, draggable=False, flipHoriz=False, flipVert=False, image='Assets/7.png', interpolate=True, mask=None, maskParams=None, name='background3', opacity=1, ori=0.0, pos=array([0., 0.]), size=array([2., 1.]), texRes=128.0, units='height', win=Window(...))
8.7790 	EXP 	Created dino_image = ImageStim(__class__=<class 'psychopy.visual.image.ImageStim'>, anchor=('center', 'center'), autoLog=True, color=array([1., 1., 1.]), colorSpace='rgb', contrast=1.0, depth=-3.0, draggable=False, flipHoriz=False, flipVert=False, image='Assets/dino.png', interpolate=True, mask=None, maskParams=None, name='dino_image', opacity=1, ori=0.0, pos=array([0., 0.]), size=array([0.2, 0.2]), texRes=128.0, units='height', win=Window(...))
8.7800 	EXP 	Created floor1 = Rect(__class__=<class 'psychopy.visual.rect.Rect'>, anchor=('center', 'center'), autoDraw=False, autoLog=True, closeShape=True, color=method-wrapper(...), colorSpace='rgb', contrast=None, depth=-4.0, draggable=False, fillColor=array([-1., -1., -1.]), fillColorSpace='rgb', fillRGB=array([-1., -1., -1.]), interpolate=True, lineColor=array([-1., -1., -1.]), lineColorSpace='rgb', lineRGB=array([-1., -1., -1.]), lineWidth=1.0, name='floor1', opacity=1, ori=0.0, pos=array([-0.5, -0.5]), size=array([0.5, 0.3]), units='height', vertices=ndarray(...), win=Window(...))
8.7810 	EXP 	Created floor2 = Rect(__class__=<class 'psychopy.visual.rect.Rect'>, anchor=('center', 'center'), autoDraw=False, autoLog=True, closeShape=True, color=method-wrapper(...), colorSpace='rgb', contrast=None, depth=-5.0, draggable=False, fillColor=array([-1., -1., -1.]), fillColorSpace='rgb', fillRGB=array([-1., -1., -1.]), interpolate=True, lineColor=array([-1., -1., -1.]), lineColorSpace='rgb', lineRGB=array([-1., -1., -1.]), lineWidth=1.0, name='floor2', opacity=1, ori=0.0, pos=array([ 0. , -0.5]), size=array([0.5, 0.3]), units='height', vertices=ndarray(...), win=Window(...))
8.7811 	INFO 	keyboard.Keyboard is using iohub backend.
8.7824 	EXP 	Created unnamed Rect = Rect(__class__=<class 'psychopy.visual.rect.Rect'>, anchor=('center', 'center'), autoDraw=False, autoLog=True, closeShape=True, color=method-wrapper(...), colorSpace='rgb', contrast=None, depth=0, draggable=False, fillColor=array([-1, -1, -1]), fillColorSpace='rgb', fillRGB=array([-1, -1, -1]), interpolate=True, lineColor=array([0., 0., 0.]), lineColorSpace='rgb', lineRGB=array([0, 0, 0]), lineWidth=1.5, name='unnamed Rect', opacity=1, ori=0.0, pos=array([-0.5, -0.5]), size=array([0.5, 0.3]), units='height', vertices=ndarray(...), win=Window(...))
8.7837 	EXP 	Created unnamed Rect = Rect(__class__=<class 'psychopy.visual.rect.Rect'>, anchor=('center', 'center'), autoDraw=False, autoLog=True, closeShape=True, color=method-wrapper(...), colorSpace='rgb', contrast=None, depth=0, draggable=False, fillColor=array([-1, -1, -1]), fillColorSpace='rgb', fillRGB=array([-1, -1, -1]), interpolate=True, lineColor=array([0., 0., 0.]), lineColorSpace='rgb', lineRGB=array([0, 0, 0]), lineWidth=1.5, name='unnamed Rect', opacity=1, ori=0.0, pos=array([ 2.5, -0.5]), size=array([0.5, 0.3]), units='height', vertices=ndarray(...), win=Window(...))
0.0390 	INFO 	saved data to C:\Users\Max Hoac\Desktop\Areyan\motor-learning-research-project\Game\data/507167_game_2024-12-17_15h12.25.334.psydat
0.0396 	INFO 	saved data to 'C:\\Users\\Max Hoac\\Desktop\\Areyan\\motor-learning-research-project\\Game\\data/507167_game_2024-12-17_15h12.25.334.csv'
