5.1258 	INFO 	Loaded monitor calibration from ['2024_11_11 13:57']
5.4116 	EXP 	Created window1 = Window(allowGUI=True, allowStencil=False, autoLog=True, backendConf=UNKNOWN, backgroundFit=<method-wrapper '__getattribute__' of attributeSetter object at 0x0000020181319AE0>, backgroundImage=<method-wrapper '__getattribute__' of attributeSetter object at 0x0000020181319A80>, bitsMode=UNKNOWN, blendMode='avg', bpc=(8, 8, 8), color=array([0, 0, 0]), colorSpace='rgb', depthBits=8, fullscr=False, gamma=None, gammaErrorPolicy='raise', infoMsg=UNKNOWN, lms=UNKNOWN, monitor=<psychopy.monitors.calibTools.Monitor object at 0x00000201813AA1D0>, multiSample=False, name='window1', numSamples=2, pos=[880.0, 240.0], screen=0, size=array([800, 600]), stencilBits=0, stereo=False, title='PsychoPy', units='height', useFBO=True, useRetina=False, viewOri=0.0, viewPos=None, viewScale=None, waitBlanking=True, winType='pyglet')
5.4116 	EXP 	window1: backgroundImage = ''
5.4116 	EXP 	window1: backgroundFit = 'none'
5.4188 	DEBUG 	TextBox2 loaded 1 chars with 0 blanks and 1 valid
5.4195 	DEBUG 	TextBox2 loaded 1 chars with 0 blanks and 1 valid
5.4202 	DEBUG 	TextBox2 loaded 1 chars with 0 blanks and 1 valid
5.4210 	DEBUG 	TextBox2 loaded 1 chars with 0 blanks and 1 valid
5.4219 	DEBUG 	TextBox2 loaded 1 chars with 0 blanks and 1 valid
5.4225 	DEBUG 	TextBox2 loaded 1 chars with 0 blanks and 1 valid
5.4232 	DEBUG 	TextBox2 loaded 1 chars with 0 blanks and 1 valid
5.4241 	DEBUG 	TextBox2 loaded 1 chars with 0 blanks and 1 valid
5.4244 	DEBUG 	TextBox2 loaded 1 chars with 0 blanks and 1 valid
5.4247 	DEBUG 	TextBox2 loaded 1 chars with 0 blanks and 1 valid
5.4254 	DEBUG 	TextBox2 loaded 1 chars with 0 blanks and 1 valid
5.4261 	DEBUG 	TextBox2 loaded 1 chars with 0 blanks and 1 valid
5.4267 	DEBUG 	TextBox2 loaded 1 chars with 0 blanks and 1 valid
5.4274 	DEBUG 	TextBox2 loaded 1 chars with 0 blanks and 1 valid
5.4282 	DEBUG 	TextBox2 loaded 1 chars with 0 blanks and 1 valid
5.4289 	DEBUG 	TextBox2 loaded 1 chars with 0 blanks and 1 valid
5.4296 	DEBUG 	TextBox2 loaded 1 chars with 0 blanks and 1 valid
5.4300 	DEBUG 	TextBox2 loaded 1 chars with 0 blanks and 1 valid
5.4305 	DEBUG 	TextBox2 loaded 1 chars with 0 blanks and 1 valid
5.4313 	DEBUG 	TextBox2 loaded 1 chars with 0 blanks and 1 valid
5.4318 	DEBUG 	TextBox2 loaded 1 chars with 0 blanks and 1 valid
5.4323 	DEBUG 	Uploading Texture Font fontname to graphics card
5.4343 	DEBUG 	Upload of Texture Font fontname complete
5.4406 	DEBUG 	TextBox2 loaded 1 chars with 0 blanks and 1 valid
5.4415 	DEBUG 	TextBox2 loaded 1 chars with 0 blanks and 1 valid
5.4425 	DEBUG 	TextBox2 loaded 1 chars with 0 blanks and 1 valid
5.4428 	DEBUG 	Uploading Texture Font fontname to graphics card
5.4441 	DEBUG 	Upload of Texture Font fontname complete
5.4457 	EXP 	window1: Attempting to measure frame rate of screen (0) ...
5.4458 	EXP 	window1: recordFrameIntervals = False
5.5081 	EXP 	window1: recordFrameIntervals = True
5.5633 	EXP 	Screen (0) actual frame rate measured at 201.08Hz
5.5634 	EXP 	window1: recordFrameIntervals = False
5.5686 	DEBUG 	TextBox2 loaded 1 chars with 0 blanks and 1 valid
5.5691 	DEBUG 	TextBox2 loaded 1 chars with 0 blanks and 1 valid
5.5699 	DEBUG 	TextBox2 loaded 1 chars with 0 blanks and 1 valid
5.5708 	DEBUG 	TextBox2 loaded 1 chars with 0 blanks and 1 valid
5.5718 	DEBUG 	TextBox2 loaded 1 chars with 0 blanks and 1 valid
5.5729 	DEBUG 	TextBox2 loaded 1 chars with 0 blanks and 1 valid
5.5734 	DEBUG 	TextBox2 loaded 1 chars with 0 blanks and 1 valid
5.5742 	DEBUG 	TextBox2 loaded 1 chars with 0 blanks and 1 valid
5.5751 	DEBUG 	TextBox2 loaded 1 chars with 0 blanks and 1 valid
5.5760 	DEBUG 	TextBox2 loaded 1 chars with 0 blanks and 1 valid
5.5763 	DEBUG 	Uploading Texture Font fontname to graphics card
5.5774 	DEBUG 	Upload of Texture Font fontname complete
5.5884 	WARNING 	launchHubServer: If using the iohub mouse or eyetracker devices, fullScr should be True.
8.1581 	INFO 	keyboard.Keyboard is using iohub backend.
8.1582 	EXP 	game: status = STARTED
8.1706 	EXP 	Created background1 = ImageStim(__class__=<class 'psychopy.visual.image.ImageStim'>, anchor=('center', 'center'), autoLog=True, color=array([1., 1., 1.]), colorSpace='rgb', contrast=1.0, depth=0.0, draggable=False, flipHoriz=False, flipVert=False, image='Assets/7.png', interpolate=True, mask=None, maskParams=None, name='background1', opacity=1, ori=0.0, pos=array([0., 0.]), size=array([2., 1.]), texRes=128.0, units='height', win=Window(...))
8.1815 	EXP 	Created background2 = ImageStim(__class__=<class 'psychopy.visual.image.ImageStim'>, anchor=('center', 'center'), autoLog=True, color=array([1., 1., 1.]), colorSpace='rgb', contrast=1.0, depth=-1.0, draggable=False, flipHoriz=False, flipVert=False, image='Assets/7.png', interpolate=True, mask=None, maskParams=None, name='background2', opacity=1, ori=0.0, pos=array([0., 0.]), size=array([2., 1.]), texRes=128.0, units='height', win=Window(...))
8.1931 	EXP 	Created background3 = ImageStim(__class__=<class 'psychopy.visual.image.ImageStim'>, anchor=('center', 'center'), autoLog=True, color=array([1., 1., 1.]), colorSpace='rgb', contrast=1.0, depth=-2.0, draggable=False, flipHoriz=False, flipVert=False, image='Assets/7.png', interpolate=True, mask=None, maskParams=None, name='background3', opacity=1, ori=0.0, pos=array([0., 0.]), size=array([2., 1.]), texRes=128.0, units='height', win=Window(...))
8.2654 	EXP 	Created dino_image = ImageStim(__class__=<class 'psychopy.visual.image.ImageStim'>, anchor=('center', 'center'), autoLog=True, color=array([1., 1., 1.]), colorSpace='rgb', contrast=1.0, depth=-3.0, draggable=False, flipHoriz=False, flipVert=False, image='Assets/dino.png', interpolate=True, mask=None, maskParams=None, name='dino_image', opacity=1, ori=0.0, pos=array([0., 0.]), size=array([0.2, 0.2]), texRes=128.0, units='height', win=Window(...))
8.2862 	DEBUG 	Saving data for game ExperimentHandler
8.2874 	INFO 	saved data to D:\Users\areya\Desktop\work\motor-learning-research-project\Game\data/623517_game_2024-12-06_13h29.26.148.psydat
8.2885 	INFO 	saved data to 'D:\\Users\\areya\\Desktop\\work\\motor-learning-research-project\\Game\\data/623517_game_2024-12-06_13h29.26.148.csv'
