4.3749 	INFO 	Loaded monitor calibration from ['2024_11_11 13:57']
4.6556 	EXP 	Created window1 = Window(allowGUI=True, allowStencil=False, autoLog=True, backendConf=UNKNOWN, backgroundFit=<method-wrapper '__getattribute__' of attributeSetter object at 0x000001E4D6F24C70>, backgroundImage=<method-wrapper '__getattribute__' of attributeSetter object at 0x000001E4D6F24C10>, bitsMode=UNKNOWN, blendMode='avg', bpc=(8, 8, 8), color=array([0, 0, 0]), colorSpace='rgb', depthBits=8, fullscr=False, gamma=None, gammaErrorPolicy='raise', infoMsg=UNKNOWN, lms=UNKNOWN, monitor=<psychopy.monitors.calibTools.Monitor object at 0x000001E4D6FF6A40>, multiSample=False, name='window1', numSamples=2, pos=[880.0, 240.0], screen=0, size=array([800, 600]), stencilBits=0, stereo=False, title='PsychoPy', units='height', useFBO=True, useRetina=False, viewOri=0.0, viewPos=None, viewScale=None, waitBlanking=True, winType='pyglet')
4.6557 	EXP 	window1: backgroundImage = ''
4.6557 	EXP 	window1: backgroundFit = 'none'
4.6624 	DEBUG 	TextBox2 loaded 1 chars with 0 blanks and 1 valid
4.6631 	DEBUG 	TextBox2 loaded 1 chars with 0 blanks and 1 valid
4.6638 	DEBUG 	TextBox2 loaded 1 chars with 0 blanks and 1 valid
4.6646 	DEBUG 	TextBox2 loaded 1 chars with 0 blanks and 1 valid
4.6654 	DEBUG 	TextBox2 loaded 1 chars with 0 blanks and 1 valid
4.6659 	DEBUG 	TextBox2 loaded 1 chars with 0 blanks and 1 valid
4.6665 	DEBUG 	TextBox2 loaded 1 chars with 0 blanks and 1 valid
4.6674 	DEBUG 	TextBox2 loaded 1 chars with 0 blanks and 1 valid
4.6677 	DEBUG 	TextBox2 loaded 1 chars with 0 blanks and 1 valid
4.6680 	DEBUG 	TextBox2 loaded 1 chars with 0 blanks and 1 valid
4.6687 	DEBUG 	TextBox2 loaded 1 chars with 0 blanks and 1 valid
4.6693 	DEBUG 	TextBox2 loaded 1 chars with 0 blanks and 1 valid
4.6700 	DEBUG 	TextBox2 loaded 1 chars with 0 blanks and 1 valid
4.6706 	DEBUG 	TextBox2 loaded 1 chars with 0 blanks and 1 valid
4.6712 	DEBUG 	TextBox2 loaded 1 chars with 0 blanks and 1 valid
4.6719 	DEBUG 	TextBox2 loaded 1 chars with 0 blanks and 1 valid
4.6726 	DEBUG 	TextBox2 loaded 1 chars with 0 blanks and 1 valid
4.6730 	DEBUG 	TextBox2 loaded 1 chars with 0 blanks and 1 valid
4.6734 	DEBUG 	TextBox2 loaded 1 chars with 0 blanks and 1 valid
4.6743 	DEBUG 	TextBox2 loaded 1 chars with 0 blanks and 1 valid
4.6747 	DEBUG 	TextBox2 loaded 1 chars with 0 blanks and 1 valid
4.6751 	DEBUG 	Uploading Texture Font fontname to graphics card
4.6774 	DEBUG 	Upload of Texture Font fontname complete
4.6832 	DEBUG 	TextBox2 loaded 1 chars with 0 blanks and 1 valid
4.6840 	DEBUG 	TextBox2 loaded 1 chars with 0 blanks and 1 valid
4.6849 	DEBUG 	TextBox2 loaded 1 chars with 0 blanks and 1 valid
4.6851 	DEBUG 	Uploading Texture Font fontname to graphics card
4.6861 	DEBUG 	Upload of Texture Font fontname complete
4.6877 	EXP 	window1: Attempting to measure frame rate of screen (0) ...
4.6878 	EXP 	window1: recordFrameIntervals = False
4.7424 	EXP 	window1: recordFrameIntervals = True
4.7974 	EXP 	Screen (0) actual frame rate measured at 204.97Hz
4.7974 	EXP 	window1: recordFrameIntervals = False
4.8027 	DEBUG 	TextBox2 loaded 1 chars with 0 blanks and 1 valid
4.8032 	DEBUG 	TextBox2 loaded 1 chars with 0 blanks and 1 valid
4.8040 	DEBUG 	TextBox2 loaded 1 chars with 0 blanks and 1 valid
4.8049 	DEBUG 	TextBox2 loaded 1 chars with 0 blanks and 1 valid
4.8059 	DEBUG 	TextBox2 loaded 1 chars with 0 blanks and 1 valid
4.8068 	DEBUG 	TextBox2 loaded 1 chars with 0 blanks and 1 valid
4.8073 	DEBUG 	TextBox2 loaded 1 chars with 0 blanks and 1 valid
4.8081 	DEBUG 	TextBox2 loaded 1 chars with 0 blanks and 1 valid
4.8090 	DEBUG 	TextBox2 loaded 1 chars with 0 blanks and 1 valid
4.8099 	DEBUG 	TextBox2 loaded 1 chars with 0 blanks and 1 valid
4.8102 	DEBUG 	Uploading Texture Font fontname to graphics card
4.8108 	DEBUG 	Upload of Texture Font fontname complete
4.8218 	WARNING 	launchHubServer: If using the iohub mouse or eyetracker devices, fullScr should be True.
7.0865 	INFO 	keyboard.Keyboard is using iohub backend.
7.0865 	EXP 	game: status = STARTED
7.0980 	EXP 	Created background1 = ImageStim(__class__=<class 'psychopy.visual.image.ImageStim'>, anchor=('center', 'center'), autoLog=True, color=array([1., 1., 1.]), colorSpace='rgb', contrast=1.0, depth=0.0, draggable=False, flipHoriz=False, flipVert=False, image='Assets/7.png', interpolate=True, mask=None, maskParams=None, name='background1', opacity=1, ori=0.0, pos=array([0., 0.]), size=array([2., 1.]), texRes=128.0, units='height', win=Window(...))
7.1077 	EXP 	Created background2 = ImageStim(__class__=<class 'psychopy.visual.image.ImageStim'>, anchor=('center', 'center'), autoLog=True, color=array([1., 1., 1.]), colorSpace='rgb', contrast=1.0, depth=-1.0, draggable=False, flipHoriz=False, flipVert=False, image='Assets/7.png', interpolate=True, mask=None, maskParams=None, name='background2', opacity=1, ori=0.0, pos=array([0., 0.]), size=array([2., 1.]), texRes=128.0, units='height', win=Window(...))
7.1175 	EXP 	Created background3 = ImageStim(__class__=<class 'psychopy.visual.image.ImageStim'>, anchor=('center', 'center'), autoLog=True, color=array([1., 1., 1.]), colorSpace='rgb', contrast=1.0, depth=-2.0, draggable=False, flipHoriz=False, flipVert=False, image='Assets/7.png', interpolate=True, mask=None, maskParams=None, name='background3', opacity=1, ori=0.0, pos=array([0., 0.]), size=array([2., 1.]), texRes=128.0, units='height', win=Window(...))
7.1759 	EXP 	Created dino_image = ImageStim(__class__=<class 'psychopy.visual.image.ImageStim'>, anchor=('center', 'center'), autoLog=True, color=array([1., 1., 1.]), colorSpace='rgb', contrast=1.0, depth=-3.0, draggable=False, flipHoriz=False, flipVert=False, image='Assets/dino.png', interpolate=True, mask=None, maskParams=None, name='dino_image', opacity=1, ori=0.0, pos=array([0., 0.]), size=array([0.2, 0.2]), texRes=128.0, units='height', win=Window(...))
7.1768 	EXP 	Created floor = Rect(__class__=<class 'psychopy.visual.rect.Rect'>, anchor=('center', 'center'), autoDraw=False, autoLog=True, closeShape=True, color=method-wrapper(...), colorSpace='rgb', contrast=None, depth=-4.0, draggable=False, fillColor=array([-1., -1., -1.]), fillColorSpace='rgb', fillRGB=array([-1., -1., -1.]), interpolate=True, lineColor=array([-1., -1., -1.]), lineColorSpace='rgb', lineRGB=array([-1., -1., -1.]), lineWidth=1.0, name='floor', opacity=1, ori=0.0, pos=array([ 0. , -0.5]), size=array([1. , 0.3]), units='height', vertices=ndarray(...), win=Window(...))
7.1769 	INFO 	keyboard.Keyboard is using iohub backend.
0.0226 	DEBUG 	Saving data for game ExperimentHandler
0.0233 	INFO 	saved data to D:\Users\areya\Desktop\work\motor-learning-research-project\Game\data/688412_game_2024-12-04_04h35.21.001.psydat
0.0239 	INFO 	saved data to 'D:\\Users\\areya\\Desktop\\work\\motor-learning-research-project\\Game\\data/688412_game_2024-12-04_04h35.21.001.csv'
