7.9654 	INFO 	Loaded monitor calibration from ['2024_11_11 13:57']
9.1212 	EXP 	Created window1 = Window(allowGUI=True, allowStencil=False, autoLog=True, backendConf=UNKNOWN, backgroundFit=<method-wrapper '__getattribute__' of attributeSetter object at 0x0000028770F64910>, backgroundImage=<method-wrapper '__getattribute__' of attributeSetter object at 0x0000028770F648B0>, bitsMode=UNKNOWN, blendMode='avg', bpc=(8, 8, 8), color=array([0, 0, 0]), colorSpace='rgb', depthBits=8, fullscr=False, gamma=None, gammaErrorPolicy='raise', infoMsg=UNKNOWN, lms=UNKNOWN, monitor=<psychopy.monitors.calibTools.Monitor object at 0x0000028779426380>, multiSample=False, name='window1', numSamples=2, pos=[880.0, 240.0], screen=0, size=array([800, 600]), stencilBits=0, stereo=False, title='PsychoPy', units='height', useFBO=True, useRetina=False, viewOri=0.0, viewPos=None, viewScale=None, waitBlanking=True, winType='pyglet')
9.1212 	EXP 	window1: backgroundImage = ''
9.1212 	EXP 	window1: backgroundFit = 'none'
9.1363 	DEBUG 	TextBox2 loaded 1 chars with 0 blanks and 1 valid
9.1371 	DEBUG 	TextBox2 loaded 1 chars with 0 blanks and 1 valid
9.1378 	DEBUG 	TextBox2 loaded 1 chars with 0 blanks and 1 valid
9.1386 	DEBUG 	TextBox2 loaded 1 chars with 0 blanks and 1 valid
9.1395 	DEBUG 	TextBox2 loaded 1 chars with 0 blanks and 1 valid
9.1401 	DEBUG 	TextBox2 loaded 1 chars with 0 blanks and 1 valid
9.1409 	DEBUG 	TextBox2 loaded 1 chars with 0 blanks and 1 valid
9.1418 	DEBUG 	TextBox2 loaded 1 chars with 0 blanks and 1 valid
9.1421 	DEBUG 	TextBox2 loaded 1 chars with 0 blanks and 1 valid
9.1424 	DEBUG 	TextBox2 loaded 1 chars with 0 blanks and 1 valid
9.1431 	DEBUG 	TextBox2 loaded 1 chars with 0 blanks and 1 valid
9.1438 	DEBUG 	TextBox2 loaded 1 chars with 0 blanks and 1 valid
9.1444 	DEBUG 	TextBox2 loaded 1 chars with 0 blanks and 1 valid
9.1452 	DEBUG 	TextBox2 loaded 1 chars with 0 blanks and 1 valid
9.1460 	DEBUG 	TextBox2 loaded 1 chars with 0 blanks and 1 valid
9.1467 	DEBUG 	TextBox2 loaded 1 chars with 0 blanks and 1 valid
9.1474 	DEBUG 	TextBox2 loaded 1 chars with 0 blanks and 1 valid
9.1478 	DEBUG 	TextBox2 loaded 1 chars with 0 blanks and 1 valid
9.1483 	DEBUG 	TextBox2 loaded 1 chars with 0 blanks and 1 valid
9.1492 	DEBUG 	TextBox2 loaded 1 chars with 0 blanks and 1 valid
9.1496 	DEBUG 	TextBox2 loaded 1 chars with 0 blanks and 1 valid
9.1515 	DEBUG 	Uploading Texture Font fontname to graphics card
9.1541 	DEBUG 	Upload of Texture Font fontname complete
9.1611 	DEBUG 	TextBox2 loaded 1 chars with 0 blanks and 1 valid
9.1621 	DEBUG 	TextBox2 loaded 1 chars with 0 blanks and 1 valid
9.1630 	DEBUG 	TextBox2 loaded 1 chars with 0 blanks and 1 valid
9.1632 	DEBUG 	Uploading Texture Font fontname to graphics card
9.1646 	DEBUG 	Upload of Texture Font fontname complete
9.1667 	EXP 	window1: Attempting to measure frame rate of screen (0) ...
9.1667 	EXP 	window1: recordFrameIntervals = False
9.2215 	EXP 	window1: recordFrameIntervals = True
9.2769 	EXP 	Screen (0) actual frame rate measured at 199.36Hz
9.2770 	EXP 	window1: recordFrameIntervals = False
9.2832 	DEBUG 	TextBox2 loaded 1 chars with 0 blanks and 1 valid
9.2838 	DEBUG 	TextBox2 loaded 1 chars with 0 blanks and 1 valid
9.2845 	DEBUG 	TextBox2 loaded 1 chars with 0 blanks and 1 valid
9.2860 	DEBUG 	TextBox2 loaded 1 chars with 0 blanks and 1 valid
9.2872 	DEBUG 	TextBox2 loaded 1 chars with 0 blanks and 1 valid
9.2882 	DEBUG 	TextBox2 loaded 1 chars with 0 blanks and 1 valid
9.2886 	DEBUG 	TextBox2 loaded 1 chars with 0 blanks and 1 valid
9.2895 	DEBUG 	TextBox2 loaded 1 chars with 0 blanks and 1 valid
9.2908 	DEBUG 	TextBox2 loaded 1 chars with 0 blanks and 1 valid
9.2920 	DEBUG 	TextBox2 loaded 1 chars with 0 blanks and 1 valid
9.2923 	DEBUG 	Uploading Texture Font fontname to graphics card
9.2930 	DEBUG 	Upload of Texture Font fontname complete
9.3490 	WARNING 	launchHubServer: If using the iohub mouse or eyetracker devices, fullScr should be True.
12.7129 	INFO 	keyboard.Keyboard is using iohub backend.
12.7129 	EXP 	game: status = STARTED
12.8114 	EXP 	Created background1 = ImageStim(__class__=<class 'psychopy.visual.image.ImageStim'>, anchor=('center', 'center'), autoLog=True, color=array([1., 1., 1.]), colorSpace='rgb', contrast=1.0, depth=0.0, draggable=False, flipHoriz=False, flipVert=False, image='Assets/7.png', interpolate=True, mask=None, maskParams=None, name='background1', opacity=1, ori=0.0, pos=array([0., 0.]), size=array([2., 1.]), texRes=128.0, units='height', win=Window(...))
12.8227 	EXP 	Created background2 = ImageStim(__class__=<class 'psychopy.visual.image.ImageStim'>, anchor=('center', 'center'), autoLog=True, color=array([1., 1., 1.]), colorSpace='rgb', contrast=1.0, depth=-1.0, draggable=False, flipHoriz=False, flipVert=False, image='Assets/7.png', interpolate=True, mask=None, maskParams=None, name='background2', opacity=1, ori=0.0, pos=array([0., 0.]), size=array([2., 1.]), texRes=128.0, units='height', win=Window(...))
12.8350 	EXP 	Created background3 = ImageStim(__class__=<class 'psychopy.visual.image.ImageStim'>, anchor=('center', 'center'), autoLog=True, color=array([1., 1., 1.]), colorSpace='rgb', contrast=1.0, depth=-2.0, draggable=False, flipHoriz=False, flipVert=False, image='Assets/7.png', interpolate=True, mask=None, maskParams=None, name='background3', opacity=1, ori=0.0, pos=array([0., 0.]), size=array([2., 1.]), texRes=128.0, units='height', win=Window(...))
12.9478 	EXP 	Created dino_image = ImageStim(__class__=<class 'psychopy.visual.image.ImageStim'>, anchor=('center', 'center'), autoLog=True, color=array([1., 1., 1.]), colorSpace='rgb', contrast=1.0, depth=-3.0, draggable=False, flipHoriz=False, flipVert=False, image='Assets/dino.png', interpolate=True, mask=None, maskParams=None, name='dino_image', opacity=1, ori=0.0, pos=array([0., 0.]), size=array([0.2, 0.2]), texRes=128.0, units='height', win=Window(...))
12.9487 	EXP 	Created floor = Rect(__class__=<class 'psychopy.visual.rect.Rect'>, anchor=('center', 'center'), autoDraw=False, autoLog=True, closeShape=True, color=method-wrapper(...), colorSpace='rgb', contrast=None, depth=-4.0, draggable=False, fillColor=array([-1., -1., -1.]), fillColorSpace='rgb', fillRGB=array([-1., -1., -1.]), interpolate=True, lineColor=array([-1., -1., -1.]), lineColorSpace='rgb', lineRGB=array([-1., -1., -1.]), lineWidth=1.0, name='floor', opacity=1, ori=0.0, pos=array([-0.5, -0.5]), size=array([0.5, 0.3]), units='height', vertices=ndarray(...), win=Window(...))
12.9488 	INFO 	keyboard.Keyboard is using iohub backend.
0.0442 	DEBUG 	Saving data for game ExperimentHandler
0.0449 	INFO 	saved data to D:\Users\areya\Desktop\work\motor-learning-research-project\Game\data/700520_game_2024-12-06_12h52.19.525.psydat
0.0454 	INFO 	saved data to 'D:\\Users\\areya\\Desktop\\work\\motor-learning-research-project\\Game\\data/700520_game_2024-12-06_12h52.19.525.csv'
