4.2517 	INFO 	Loaded monitor calibration from ['2024_11_11 13:57']
4.5356 	EXP 	Created window1 = Window(allowGUI=True, allowStencil=False, autoLog=True, backendConf=UNKNOWN, backgroundFit=<method-wrapper '__getattribute__' of attributeSetter object at 0x000001E529548910>, backgroundImage=<method-wrapper '__getattribute__' of attributeSetter object at 0x000001E5295485E0>, bitsMode=UNKNOWN, blendMode='avg', bpc=(8, 8, 8), color=array([0, 0, 0]), colorSpace='rgb', depthBits=8, fullscr=False, gamma=None, gammaErrorPolicy='raise', infoMsg=UNKNOWN, lms=UNKNOWN, monitor=<psychopy.monitors.calibTools.Monitor object at 0x000001E533E668C0>, multiSample=False, name='window1', numSamples=2, pos=[880.0, 240.0], screen=0, size=array([800, 600]), stencilBits=0, stereo=False, title='PsychoPy', units='height', useFBO=True, useRetina=False, viewOri=0.0, viewPos=None, viewScale=None, waitBlanking=True, winType='pyglet')
4.5356 	EXP 	window1: backgroundImage = ''
4.5357 	EXP 	window1: backgroundFit = 'none'
4.5420 	DEBUG 	TextBox2 loaded 1 chars with 0 blanks and 1 valid
4.5426 	DEBUG 	TextBox2 loaded 1 chars with 0 blanks and 1 valid
4.5433 	DEBUG 	TextBox2 loaded 1 chars with 0 blanks and 1 valid
4.5441 	DEBUG 	TextBox2 loaded 1 chars with 0 blanks and 1 valid
4.5450 	DEBUG 	TextBox2 loaded 1 chars with 0 blanks and 1 valid
4.5454 	DEBUG 	TextBox2 loaded 1 chars with 0 blanks and 1 valid
4.5461 	DEBUG 	TextBox2 loaded 1 chars with 0 blanks and 1 valid
4.5469 	DEBUG 	TextBox2 loaded 1 chars with 0 blanks and 1 valid
4.5472 	DEBUG 	TextBox2 loaded 1 chars with 0 blanks and 1 valid
4.5475 	DEBUG 	TextBox2 loaded 1 chars with 0 blanks and 1 valid
4.5482 	DEBUG 	TextBox2 loaded 1 chars with 0 blanks and 1 valid
4.5489 	DEBUG 	TextBox2 loaded 1 chars with 0 blanks and 1 valid
4.5495 	DEBUG 	TextBox2 loaded 1 chars with 0 blanks and 1 valid
4.5502 	DEBUG 	TextBox2 loaded 1 chars with 0 blanks and 1 valid
4.5507 	DEBUG 	TextBox2 loaded 1 chars with 0 blanks and 1 valid
4.5514 	DEBUG 	TextBox2 loaded 1 chars with 0 blanks and 1 valid
4.5521 	DEBUG 	TextBox2 loaded 1 chars with 0 blanks and 1 valid
4.5525 	DEBUG 	TextBox2 loaded 1 chars with 0 blanks and 1 valid
4.5529 	DEBUG 	TextBox2 loaded 1 chars with 0 blanks and 1 valid
4.5538 	DEBUG 	TextBox2 loaded 1 chars with 0 blanks and 1 valid
4.5542 	DEBUG 	TextBox2 loaded 1 chars with 0 blanks and 1 valid
4.5546 	DEBUG 	Uploading Texture Font fontname to graphics card
4.5567 	DEBUG 	Upload of Texture Font fontname complete
4.5625 	DEBUG 	TextBox2 loaded 1 chars with 0 blanks and 1 valid
4.5634 	DEBUG 	TextBox2 loaded 1 chars with 0 blanks and 1 valid
4.5643 	DEBUG 	TextBox2 loaded 1 chars with 0 blanks and 1 valid
4.5646 	DEBUG 	Uploading Texture Font fontname to graphics card
4.5657 	DEBUG 	Upload of Texture Font fontname complete
4.5675 	EXP 	window1: Attempting to measure frame rate of screen (0) ...
4.5675 	EXP 	window1: recordFrameIntervals = False
4.6209 	EXP 	window1: recordFrameIntervals = True
4.6749 	EXP 	Screen (0) actual frame rate measured at 203.19Hz
4.6749 	EXP 	window1: recordFrameIntervals = False
4.6799 	DEBUG 	TextBox2 loaded 1 chars with 0 blanks and 1 valid
4.6804 	DEBUG 	TextBox2 loaded 1 chars with 0 blanks and 1 valid
4.6811 	DEBUG 	TextBox2 loaded 1 chars with 0 blanks and 1 valid
4.6820 	DEBUG 	TextBox2 loaded 1 chars with 0 blanks and 1 valid
4.6829 	DEBUG 	TextBox2 loaded 1 chars with 0 blanks and 1 valid
4.6838 	DEBUG 	TextBox2 loaded 1 chars with 0 blanks and 1 valid
4.6843 	DEBUG 	TextBox2 loaded 1 chars with 0 blanks and 1 valid
4.6851 	DEBUG 	TextBox2 loaded 1 chars with 0 blanks and 1 valid
4.6860 	DEBUG 	TextBox2 loaded 1 chars with 0 blanks and 1 valid
4.6869 	DEBUG 	TextBox2 loaded 1 chars with 0 blanks and 1 valid
4.6872 	DEBUG 	Uploading Texture Font fontname to graphics card
4.6877 	DEBUG 	Upload of Texture Font fontname complete
4.6986 	WARNING 	launchHubServer: If using the iohub mouse or eyetracker devices, fullScr should be True.
6.9628 	INFO 	keyboard.Keyboard is using iohub backend.
6.9628 	EXP 	game: status = STARTED
6.9738 	EXP 	Created background0 = ImageStim(__class__=<class 'psychopy.visual.image.ImageStim'>, anchor=('center', 'center'), autoLog=True, color=array([1., 1., 1.]), colorSpace='rgb', contrast=1.0, depth=0.0, draggable=False, flipHoriz=False, flipVert=False, image='Assets/7.png', interpolate=True, mask=None, maskParams=None, name='background0', opacity=1, ori=0.0, pos=array([0., 0.]), size=array([2., 1.]), texRes=128.0, units='height', win=Window(...))
6.9831 	EXP 	Created background1 = ImageStim(__class__=<class 'psychopy.visual.image.ImageStim'>, anchor=('center', 'center'), autoLog=True, color=array([1., 1., 1.]), colorSpace='rgb', contrast=1.0, depth=-1.0, draggable=False, flipHoriz=False, flipVert=False, image='Assets/7.png', interpolate=True, mask=None, maskParams=None, name='background1', opacity=1, ori=0.0, pos=array([0., 0.]), size=array([2., 1.]), texRes=128.0, units='height', win=Window(...))
6.9922 	EXP 	Created background2 = ImageStim(__class__=<class 'psychopy.visual.image.ImageStim'>, anchor=('center', 'center'), autoLog=True, color=array([1., 1., 1.]), colorSpace='rgb', contrast=1.0, depth=-2.0, draggable=False, flipHoriz=False, flipVert=False, image='Assets/7.png', interpolate=True, mask=None, maskParams=None, name='background2', opacity=1, ori=0.0, pos=array([0., 0.]), size=array([2., 1.]), texRes=128.0, units='height', win=Window(...))
7.0505 	EXP 	Created dino_image = ImageStim(__class__=<class 'psychopy.visual.image.ImageStim'>, anchor=('center', 'center'), autoLog=True, color=array([1., 1., 1.]), colorSpace='rgb', contrast=1.0, depth=-3.0, draggable=False, flipHoriz=False, flipVert=False, image='Assets/dino.png', interpolate=True, mask=None, maskParams=None, name='dino_image', opacity=1, ori=0.0, pos=array([0., 0.]), size=array([0.2, 0.2]), texRes=128.0, units='height', win=Window(...))
7.0514 	EXP 	Created floor = Rect(__class__=<class 'psychopy.visual.rect.Rect'>, anchor=('center', 'center'), autoDraw=False, autoLog=True, closeShape=True, color=method-wrapper(...), colorSpace='rgb', contrast=None, depth=-4.0, draggable=False, fillColor=array([-1., -1., -1.]), fillColorSpace='rgb', fillRGB=array([-1., -1., -1.]), interpolate=True, lineColor=array([-1., -1., -1.]), lineColorSpace='rgb', lineRGB=array([-1., -1., -1.]), lineWidth=1.0, name='floor', opacity=1, ori=0.0, pos=array([ 0. , -0.5]), size=array([1. , 0.3]), units='height', vertices=ndarray(...), win=Window(...))
7.0515 	INFO 	keyboard.Keyboard is using iohub backend.
7.1168 	DEBUG 	Saving data for game ExperimentHandler
7.1175 	INFO 	saved data to D:\Users\areya\Desktop\work\motor-learning-research-project\Game\data/727018_game_2024-12-04_04h21.24.394.psydat
7.1179 	INFO 	saved data to 'D:\\Users\\areya\\Desktop\\work\\motor-learning-research-project\\Game\\data/727018_game_2024-12-04_04h21.24.394.csv'
