4.2321 	INFO 	Loaded monitor calibration from ['2024_11_11 13:57']
4.5042 	EXP 	Created window1 = Window(allowGUI=True, allowStencil=False, autoLog=True, backendConf=UNKNOWN, backgroundFit=<method-wrapper '__getattribute__' of attributeSetter object at 0x0000025723085690>, backgroundImage=<method-wrapper '__getattribute__' of attributeSetter object at 0x0000025723085420>, bitsMode=UNKNOWN, blendMode='avg', bpc=(8, 8, 8), color=array([0, 0, 0]), colorSpace='rgb', depthBits=8, fullscr=False, gamma=None, gammaErrorPolicy='raise', infoMsg=UNKNOWN, lms=UNKNOWN, monitor=<psychopy.monitors.calibTools.Monitor object at 0x0000025723152830>, multiSample=False, name='window1', numSamples=2, pos=[880.0, 240.0], screen=0, size=array([800, 600]), stencilBits=0, stereo=False, title='PsychoPy', units='height', useFBO=True, useRetina=False, viewOri=0.0, viewPos=None, viewScale=None, waitBlanking=True, winType='pyglet')
4.5042 	EXP 	window1: backgroundImage = ''
4.5043 	EXP 	window1: backgroundFit = 'none'
4.5108 	DEBUG 	TextBox2 loaded 1 chars with 0 blanks and 1 valid
4.5115 	DEBUG 	TextBox2 loaded 1 chars with 0 blanks and 1 valid
4.5122 	DEBUG 	TextBox2 loaded 1 chars with 0 blanks and 1 valid
4.5130 	DEBUG 	TextBox2 loaded 1 chars with 0 blanks and 1 valid
4.5138 	DEBUG 	TextBox2 loaded 1 chars with 0 blanks and 1 valid
4.5142 	DEBUG 	TextBox2 loaded 1 chars with 0 blanks and 1 valid
4.5149 	DEBUG 	TextBox2 loaded 1 chars with 0 blanks and 1 valid
4.5158 	DEBUG 	TextBox2 loaded 1 chars with 0 blanks and 1 valid
4.5160 	DEBUG 	TextBox2 loaded 1 chars with 0 blanks and 1 valid
4.5164 	DEBUG 	TextBox2 loaded 1 chars with 0 blanks and 1 valid
4.5170 	DEBUG 	TextBox2 loaded 1 chars with 0 blanks and 1 valid
4.5177 	DEBUG 	TextBox2 loaded 1 chars with 0 blanks and 1 valid
4.5183 	DEBUG 	TextBox2 loaded 1 chars with 0 blanks and 1 valid
4.5190 	DEBUG 	TextBox2 loaded 1 chars with 0 blanks and 1 valid
4.5195 	DEBUG 	TextBox2 loaded 1 chars with 0 blanks and 1 valid
4.5202 	DEBUG 	TextBox2 loaded 1 chars with 0 blanks and 1 valid
4.5209 	DEBUG 	TextBox2 loaded 1 chars with 0 blanks and 1 valid
4.5213 	DEBUG 	TextBox2 loaded 1 chars with 0 blanks and 1 valid
4.5217 	DEBUG 	TextBox2 loaded 1 chars with 0 blanks and 1 valid
4.5226 	DEBUG 	TextBox2 loaded 1 chars with 0 blanks and 1 valid
4.5230 	DEBUG 	TextBox2 loaded 1 chars with 0 blanks and 1 valid
4.5233 	DEBUG 	Uploading Texture Font fontname to graphics card
4.5260 	DEBUG 	Upload of Texture Font fontname complete
4.5319 	DEBUG 	TextBox2 loaded 1 chars with 0 blanks and 1 valid
4.5328 	DEBUG 	TextBox2 loaded 1 chars with 0 blanks and 1 valid
4.5337 	DEBUG 	TextBox2 loaded 1 chars with 0 blanks and 1 valid
4.5339 	DEBUG 	Uploading Texture Font fontname to graphics card
4.5350 	DEBUG 	Upload of Texture Font fontname complete
4.5368 	EXP 	window1: Attempting to measure frame rate of screen (0) ...
4.5368 	EXP 	window1: recordFrameIntervals = False
4.5925 	EXP 	window1: recordFrameIntervals = True
4.6475 	EXP 	Screen (0) actual frame rate measured at 201.28Hz
4.6475 	EXP 	window1: recordFrameIntervals = False
4.6530 	DEBUG 	TextBox2 loaded 1 chars with 0 blanks and 1 valid
4.6535 	DEBUG 	TextBox2 loaded 1 chars with 0 blanks and 1 valid
4.6542 	DEBUG 	TextBox2 loaded 1 chars with 0 blanks and 1 valid
4.6552 	DEBUG 	TextBox2 loaded 1 chars with 0 blanks and 1 valid
4.6562 	DEBUG 	TextBox2 loaded 1 chars with 0 blanks and 1 valid
4.6573 	DEBUG 	TextBox2 loaded 1 chars with 0 blanks and 1 valid
4.6577 	DEBUG 	TextBox2 loaded 1 chars with 0 blanks and 1 valid
4.6585 	DEBUG 	TextBox2 loaded 1 chars with 0 blanks and 1 valid
4.6594 	DEBUG 	TextBox2 loaded 1 chars with 0 blanks and 1 valid
4.6603 	DEBUG 	TextBox2 loaded 1 chars with 0 blanks and 1 valid
4.6606 	DEBUG 	Uploading Texture Font fontname to graphics card
4.6613 	DEBUG 	Upload of Texture Font fontname complete
4.6725 	WARNING 	launchHubServer: If using the iohub mouse or eyetracker devices, fullScr should be True.
6.9381 	INFO 	keyboard.Keyboard is using iohub backend.
6.9382 	EXP 	game: status = STARTED
6.9489 	EXP 	Created background1 = ImageStim(__class__=<class 'psychopy.visual.image.ImageStim'>, anchor=('center', 'center'), autoLog=True, color=array([1., 1., 1.]), colorSpace='rgb', contrast=1.0, depth=0.0, draggable=False, flipHoriz=False, flipVert=False, image='Assets/7.png', interpolate=True, mask=None, maskParams=None, name='background1', opacity=1, ori=0.0, pos=array([0., 0.]), size=array([2., 1.]), texRes=128.0, units='height', win=Window(...))
6.9584 	EXP 	Created background2 = ImageStim(__class__=<class 'psychopy.visual.image.ImageStim'>, anchor=('center', 'center'), autoLog=True, color=array([1., 1., 1.]), colorSpace='rgb', contrast=1.0, depth=-1.0, draggable=False, flipHoriz=False, flipVert=False, image='Assets/7.png', interpolate=True, mask=None, maskParams=None, name='background2', opacity=1, ori=0.0, pos=array([0., 0.]), size=array([2., 1.]), texRes=128.0, units='height', win=Window(...))
6.9681 	EXP 	Created background0 = ImageStim(__class__=<class 'psychopy.visual.image.ImageStim'>, anchor=('center', 'center'), autoLog=True, color=array([1., 1., 1.]), colorSpace='rgb', contrast=1.0, depth=-2.0, draggable=False, flipHoriz=False, flipVert=False, image='Assets/7.png', interpolate=True, mask=None, maskParams=None, name='background0', opacity=1, ori=0.0, pos=array([0., 0.]), size=array([2., 1.]), texRes=128.0, units='height', win=Window(...))
7.0273 	EXP 	Created dino_image = ImageStim(__class__=<class 'psychopy.visual.image.ImageStim'>, anchor=('center', 'center'), autoLog=True, color=array([1., 1., 1.]), colorSpace='rgb', contrast=1.0, depth=-3.0, draggable=False, flipHoriz=False, flipVert=False, image='Assets/dino.png', interpolate=True, mask=None, maskParams=None, name='dino_image', opacity=1, ori=0.0, pos=array([0., 0.]), size=array([0.2, 0.2]), texRes=128.0, units='height', win=Window(...))
7.0283 	EXP 	Created floor = Rect(__class__=<class 'psychopy.visual.rect.Rect'>, anchor=('center', 'center'), autoDraw=False, autoLog=True, closeShape=True, color=method-wrapper(...), colorSpace='rgb', contrast=None, depth=-4.0, draggable=False, fillColor=array([-1., -1., -1.]), fillColorSpace='rgb', fillRGB=array([-1., -1., -1.]), interpolate=True, lineColor=array([-1., -1., -1.]), lineColorSpace='rgb', lineRGB=array([-1., -1., -1.]), lineWidth=1.0, name='floor', opacity=1, ori=0.0, pos=array([ 0. , -0.5]), size=array([1. , 0.3]), units='height', vertices=ndarray(...), win=Window(...))
0.0217 	DEBUG 	Saving data for game ExperimentHandler
0.0223 	INFO 	saved data to D:\Users\areya\Desktop\work\motor-learning-research-project\Game\data/752487_game_2024-12-04_04h26.28.662.psydat
0.0231 	INFO 	saved data to 'D:\\Users\\areya\\Desktop\\work\\motor-learning-research-project\\Game\\data/752487_game_2024-12-04_04h26.28.662.csv'
