5.4368 	INFO 	Loaded monitor calibration from ['2024_12_16 22:57']
6.2013 	EXP 	Created window1 = Window(allowGUI=True, allowStencil=False, autoLog=True, backendConf=UNKNOWN, backgroundFit=<method-wrapper '__getattribute__' of attributeSetter object at 0x000002397EA6E2C0>, backgroundImage=<method-wrapper '__getattribute__' of attributeSetter object at 0x000002397EA6E3E0>, bitsMode=UNKNOWN, blendMode='avg', bpc=(8, 8, 8), color=array([0, 0, 0]), colorSpace='rgb', depthBits=8, fullscr=False, gamma=None, gammaErrorPolicy='raise', infoMsg=UNKNOWN, lms=UNKNOWN, monitor=<psychopy.monitors.calibTools.Monitor object at 0x00000239014CE1A0>, multiSample=False, name='window1', numSamples=2, pos=[560.0, 240.0], screen=0, size=array([800, 600]), stencilBits=0, stereo=False, title='PsychoPy', units='height', useFBO=True, useRetina=False, viewOri=0.0, viewPos=None, viewScale=None, waitBlanking=True, winType='pyglet')
6.2013 	EXP 	window1: backgroundImage = ''
6.2014 	EXP 	window1: backgroundFit = 'none'
6.2162 	DEBUG 	TextBox2 loaded 1 chars with 0 blanks and 1 valid
6.2170 	DEBUG 	TextBox2 loaded 1 chars with 0 blanks and 1 valid
6.2178 	DEBUG 	TextBox2 loaded 1 chars with 0 blanks and 1 valid
6.2188 	DEBUG 	TextBox2 loaded 1 chars with 0 blanks and 1 valid
6.2198 	DEBUG 	TextBox2 loaded 1 chars with 0 blanks and 1 valid
6.2203 	DEBUG 	TextBox2 loaded 1 chars with 0 blanks and 1 valid
6.2211 	DEBUG 	TextBox2 loaded 1 chars with 0 blanks and 1 valid
6.2222 	DEBUG 	TextBox2 loaded 1 chars with 0 blanks and 1 valid
6.2225 	DEBUG 	TextBox2 loaded 1 chars with 0 blanks and 1 valid
6.2229 	DEBUG 	TextBox2 loaded 1 chars with 0 blanks and 1 valid
6.2237 	DEBUG 	TextBox2 loaded 1 chars with 0 blanks and 1 valid
6.2245 	DEBUG 	TextBox2 loaded 1 chars with 0 blanks and 1 valid
6.2253 	DEBUG 	TextBox2 loaded 1 chars with 0 blanks and 1 valid
6.2261 	DEBUG 	TextBox2 loaded 1 chars with 0 blanks and 1 valid
6.2268 	DEBUG 	TextBox2 loaded 1 chars with 0 blanks and 1 valid
6.2276 	DEBUG 	TextBox2 loaded 1 chars with 0 blanks and 1 valid
6.2284 	DEBUG 	TextBox2 loaded 1 chars with 0 blanks and 1 valid
6.2289 	DEBUG 	TextBox2 loaded 1 chars with 0 blanks and 1 valid
6.2294 	DEBUG 	TextBox2 loaded 1 chars with 0 blanks and 1 valid
6.2305 	DEBUG 	TextBox2 loaded 1 chars with 0 blanks and 1 valid
6.2309 	DEBUG 	TextBox2 loaded 1 chars with 0 blanks and 1 valid
6.2312 	DEBUG 	Uploading Texture Font fontname to graphics card
6.2372 	DEBUG 	Upload of Texture Font fontname complete
6.2502 	DEBUG 	TextBox2 loaded 1 chars with 0 blanks and 1 valid
6.2513 	DEBUG 	TextBox2 loaded 1 chars with 0 blanks and 1 valid
6.2523 	DEBUG 	TextBox2 loaded 1 chars with 0 blanks and 1 valid
6.2525 	DEBUG 	Uploading Texture Font fontname to graphics card
6.2581 	DEBUG 	Upload of Texture Font fontname complete
6.2600 	EXP 	window1: Attempting to measure frame rate of screen (0) ...
6.2600 	EXP 	window1: recordFrameIntervals = False
6.4231 	EXP 	window1: recordFrameIntervals = True
6.6061 	EXP 	Screen (0) actual frame rate measured at 60.04Hz
6.6062 	EXP 	window1: recordFrameIntervals = False
6.6183 	DEBUG 	TextBox2 loaded 1 chars with 0 blanks and 1 valid
6.6188 	DEBUG 	TextBox2 loaded 1 chars with 0 blanks and 1 valid
6.6197 	DEBUG 	TextBox2 loaded 1 chars with 0 blanks and 1 valid
6.6209 	DEBUG 	TextBox2 loaded 1 chars with 0 blanks and 1 valid
6.6221 	DEBUG 	TextBox2 loaded 1 chars with 0 blanks and 1 valid
6.6232 	DEBUG 	TextBox2 loaded 1 chars with 0 blanks and 1 valid
6.6237 	DEBUG 	TextBox2 loaded 1 chars with 0 blanks and 1 valid
6.6247 	DEBUG 	TextBox2 loaded 1 chars with 0 blanks and 1 valid
6.6257 	DEBUG 	TextBox2 loaded 1 chars with 0 blanks and 1 valid
6.6267 	DEBUG 	TextBox2 loaded 1 chars with 0 blanks and 1 valid
6.6271 	DEBUG 	Uploading Texture Font fontname to graphics card
6.6317 	DEBUG 	Upload of Texture Font fontname complete
6.6511 	WARNING 	launchHubServer: If using the iohub mouse or eyetracker devices, fullScr should be True.
9.2508 	INFO 	keyboard.Keyboard is using iohub backend.
9.2508 	EXP 	game: status = STARTED
9.2593 	EXP 	Created background1 = ImageStim(__class__=<class 'psychopy.visual.image.ImageStim'>, anchor=('center', 'center'), autoLog=True, color=array([1., 1., 1.]), colorSpace='rgb', contrast=1.0, depth=0.0, draggable=False, flipHoriz=False, flipVert=False, image='Assets/7.png', interpolate=True, mask=None, maskParams=None, name='background1', opacity=1, ori=0.0, pos=array([0., 0.]), size=array([2., 1.]), texRes=128.0, units='height', win=Window(...))
9.2650 	EXP 	Created background2 = ImageStim(__class__=<class 'psychopy.visual.image.ImageStim'>, anchor=('center', 'center'), autoLog=True, color=array([1., 1., 1.]), colorSpace='rgb', contrast=1.0, depth=-1.0, draggable=False, flipHoriz=False, flipVert=False, image='Assets/7.png', interpolate=True, mask=None, maskParams=None, name='background2', opacity=1, ori=0.0, pos=array([0., 0.]), size=array([2., 1.]), texRes=128.0, units='height', win=Window(...))
9.2718 	EXP 	Created background3 = ImageStim(__class__=<class 'psychopy.visual.image.ImageStim'>, anchor=('center', 'center'), autoLog=True, color=array([1., 1., 1.]), colorSpace='rgb', contrast=1.0, depth=-2.0, draggable=False, flipHoriz=False, flipVert=False, image='Assets/7.png', interpolate=True, mask=None, maskParams=None, name='background3', opacity=1, ori=0.0, pos=array([0., 0.]), size=array([2., 1.]), texRes=128.0, units='height', win=Window(...))
9.3005 	EXP 	Created dino_image = ImageStim(__class__=<class 'psychopy.visual.image.ImageStim'>, anchor=('center', 'center'), autoLog=True, color=array([1., 1., 1.]), colorSpace='rgb', contrast=1.0, depth=-3.0, draggable=False, flipHoriz=False, flipVert=False, image='Assets/dino.png', interpolate=True, mask=None, maskParams=None, name='dino_image', opacity=1, ori=0.0, pos=array([0., 0.]), size=array([0.2, 0.2]), texRes=128.0, units='height', win=Window(...))
9.3016 	EXP 	Created floor1 = Rect(__class__=<class 'psychopy.visual.rect.Rect'>, anchor=('center', 'center'), autoDraw=False, autoLog=True, closeShape=True, color=method-wrapper(...), colorSpace='rgb', contrast=None, depth=-4.0, draggable=False, fillColor=array([-1., -1., -1.]), fillColorSpace='rgb', fillRGB=array([-1., -1., -1.]), interpolate=True, lineColor=array([-1., -1., -1.]), lineColorSpace='rgb', lineRGB=array([-1., -1., -1.]), lineWidth=1.0, name='floor1', opacity=1, ori=0.0, pos=array([-0.5, -0.5]), size=array([0.5, 0.3]), units='height', vertices=ndarray(...), win=Window(...))
9.3016 	INFO 	keyboard.Keyboard is using iohub backend.
9.3196 	DEBUG 	Saving data for game ExperimentHandler
9.3203 	INFO 	saved data to C:\Users\Max Hoac\Desktop\Areyan\motor-learning-research-project\Game\data/756446_game_2024-12-16_23h05.17.950.psydat
9.3208 	INFO 	saved data to 'C:\\Users\\Max Hoac\\Desktop\\Areyan\\motor-learning-research-project\\Game\\data/756446_game_2024-12-16_23h05.17.950.csv'
