5.1800 	INFO 	Loaded monitor calibration from ['2024_12_16 22:57']
6.0085 	EXP 	Created window1 = Window(allowGUI=True, allowStencil=False, autoLog=True, backendConf=UNKNOWN, backgroundFit=<method-wrapper '__getattribute__' of attributeSetter object at 0x000001F2BD572DD0>, backgroundImage=<method-wrapper '__getattribute__' of attributeSetter object at 0x000001F2BD572E30>, bitsMode=UNKNOWN, blendMode='avg', bpc=(8, 8, 8), color=array([0, 0, 0]), colorSpace='rgb', depthBits=8, fullscr=False, gamma=None, gammaErrorPolicy='raise', infoMsg=UNKNOWN, lms=UNKNOWN, monitor=<psychopy.monitors.calibTools.Monitor object at 0x000001F2BD63F8B0>, multiSample=False, name='window1', numSamples=2, pos=[560.0, 140.0], screen=0, size=array([800, 800]), stencilBits=0, stereo=False, title='PsychoPy', units='height', useFBO=True, useRetina=False, viewOri=0.0, viewPos=None, viewScale=None, waitBlanking=True, winType='pyglet')
6.0085 	EXP 	window1: backgroundImage = ''
6.0085 	EXP 	window1: backgroundFit = 'none'
6.0682 	EXP 	window1: Attempting to measure frame rate of screen (0) ...
6.0682 	EXP 	window1: recordFrameIntervals = False
6.2354 	EXP 	window1: recordFrameIntervals = True
6.4189 	EXP 	Screen (0) actual frame rate measured at 59.94Hz
6.4189 	EXP 	window1: recordFrameIntervals = False
6.4255 	WARNING 	launchHubServer: If using the iohub mouse or eyetracker devices, fullScr should be True.
9.1235 	INFO 	keyboard.Keyboard is using iohub backend.
9.1235 	EXP 	game: status = STARTED
9.1311 	EXP 	Created background1 = ImageStim(__class__=<class 'psychopy.visual.image.ImageStim'>, anchor=('center', 'center'), autoLog=True, color=array([1., 1., 1.]), colorSpace='rgb', contrast=1.0, depth=0.0, draggable=False, flipHoriz=False, flipVert=False, image='Assets/7.png', interpolate=True, mask=None, maskParams=None, name='background1', opacity=1, ori=0.0, pos=array([0., 0.]), size=array([2., 1.]), texRes=128.0, units='height', win=Window(...))
9.1562 	EXP 	Created dino_image = ImageStim(__class__=<class 'psychopy.visual.image.ImageStim'>, anchor=('center', 'center'), autoLog=True, color=array([1., 1., 1.]), colorSpace='rgb', contrast=1.0, depth=-1.0, draggable=False, flipHoriz=False, flipVert=False, image='Assets/dino.png', interpolate=True, mask=None, maskParams=None, name='dino_image', opacity=1, ori=0.0, pos=array([0., 0.]), size=array([0.2, 0.2]), texRes=128.0, units='height', win=Window(...))
9.1572 	EXP 	Created floor1 = Rect(__class__=<class 'psychopy.visual.rect.Rect'>, anchor=('center', 'center'), autoDraw=False, autoLog=True, closeShape=True, color=method-wrapper(...), colorSpace='rgb', contrast=None, depth=-2.0, draggable=False, fillColor=array([-1., -1., -1.]), fillColorSpace='rgb', fillRGB=array([-1., -1., -1.]), interpolate=True, lineColor=array([-1., -1., -1.]), lineColorSpace='rgb', lineRGB=array([-1., -1., -1.]), lineWidth=1.0, name='floor1', opacity=1, ori=0.0, pos=array([-0.5, -0.5]), size=array([0.5, 0.3]), units='height', vertices=ndarray(...), win=Window(...))
9.1582 	EXP 	Created floor2 = Rect(__class__=<class 'psychopy.visual.rect.Rect'>, anchor=('center', 'center'), autoDraw=False, autoLog=True, closeShape=True, color=method-wrapper(...), colorSpace='rgb', contrast=None, depth=-3.0, draggable=False, fillColor=array([-1., -1., -1.]), fillColorSpace='rgb', fillRGB=array([-1., -1., -1.]), interpolate=True, lineColor=array([-1., -1., -1.]), lineColorSpace='rgb', lineRGB=array([-1., -1., -1.]), lineWidth=1.0, name='floor2', opacity=1, ori=0.0, pos=array([ 0. , -0.5]), size=array([0.5, 0.3]), units='height', vertices=ndarray(...), win=Window(...))
9.1604 	EXP 	Created human_image = ImageStim(__class__=<class 'psychopy.visual.image.ImageStim'>, anchor=('center', 'center'), autoLog=True, color=array([1., 1., 1.]), colorSpace='rgb', contrast=1.0, depth=-4.0, draggable=False, flipHoriz=False, flipVert=False, image='Assets/stick figure/stick_figure_normal.png', interpolate=True, mask=None, maskParams=None, name='human_image', opacity=1, ori=0.0, pos=array([0., 0.]), size=array([0.5, 0.5]), texRes=128.0, units='height', win=Window(...))
9.1604 	INFO 	keyboard.Keyboard is using iohub backend.
9.1653 	EXP 	Created unnamed ImageStim = ImageStim(__class__=<class 'psychopy.visual.image.ImageStim'>, anchor=('center', 'center'), autoLog=True, color=array([1., 1., 1.]), colorSpace='rgb', contrast=1.0, depth=0, draggable=False, flipHoriz=False, flipVert=False, image='Assets/7.png', interpolate=False, mask=None, maskParams=None, name='unnamed ImageStim', opacity=1, ori=0.0, pos=array([0., 0.]), size=array([2., 1.]), texRes=128, units='height', win=Window(...))
9.1705 	EXP 	Created unnamed ImageStim = ImageStim(__class__=<class 'psychopy.visual.image.ImageStim'>, anchor=('center', 'center'), autoLog=True, color=array([1., 1., 1.]), colorSpace='rgb', contrast=1.0, depth=0, draggable=False, flipHoriz=False, flipVert=False, image='Assets/7.png', interpolate=False, mask=None, maskParams=None, name='unnamed ImageStim', opacity=1, ori=0.0, pos=array([2., 0.]), size=array([2., 1.]), texRes=128, units='height', win=Window(...))
9.1718 	EXP 	Created unnamed Rect = Rect(__class__=<class 'psychopy.visual.rect.Rect'>, anchor=('center', 'center'), autoDraw=False, autoLog=True, closeShape=True, color=method-wrapper(...), colorSpace='rgb', contrast=None, depth=0, draggable=False, fillColor=array([-1, -1, -1]), fillColorSpace='rgb', fillRGB=array([-1, -1, -1]), interpolate=True, lineColor=array([0., 0., 0.]), lineColorSpace='rgb', lineRGB=array([0, 0, 0]), lineWidth=1.5, name='unnamed Rect', opacity=1, ori=0.0, pos=array([-0.5, -0.5]), size=array([0.5, 0.3]), units='height', vertices=ndarray(...), win=Window(...))
9.1731 	EXP 	Created unnamed Rect = Rect(__class__=<class 'psychopy.visual.rect.Rect'>, anchor=('center', 'center'), autoDraw=False, autoLog=True, closeShape=True, color=method-wrapper(...), colorSpace='rgb', contrast=None, depth=0, draggable=False, fillColor=array([-1, -1, -1]), fillColorSpace='rgb', fillRGB=array([-1, -1, -1]), interpolate=True, lineColor=array([0., 0., 0.]), lineColorSpace='rgb', lineRGB=array([0, 0, 0]), lineWidth=1.5, name='unnamed Rect', opacity=1, ori=0.0, pos=array([ 3. , -0.5]), size=array([0.5, 0.3]), units='height', vertices=ndarray(...), win=Window(...))
0.0461 	EXP 	unnamed ImageStim: autoDraw = True
0.0461 	EXP 	dino_image: autoDraw = True
0.0461 	EXP 	unnamed Rect: autoDraw = True
0.0461 	EXP 	unnamed Rect: autoDraw = True
0.0461 	EXP 	human_image: autoDraw = True
1.0358 	DATA 	Keypress: right
1.2324 	DATA 	Keypress: up
2.1833 	DATA 	Keypress: right
4.4474 	DEPRECATION 	Couldn't find image Assets\stick_figure\squished.png; check path? (tried: C:\Users\Max Hoac\Desktop\Areyan\motor-learning-research-project\Game\Assets\stick_figure\squished.png)
4.4700 	INFO 	saved data to C:\Users\Max Hoac\Desktop\Areyan\motor-learning-research-project\Game\data/765922_game_2024-12-18_14h07.15.463.psydat
4.4708 	INFO 	saved data to 'C:\\Users\\Max Hoac\\Desktop\\Areyan\\motor-learning-research-project\\Game\\data/765922_game_2024-12-18_14h07.15.463.csv'
