5.3190 	INFO 	Loaded monitor calibration from ['2024_12_16 22:57']
6.0820 	EXP 	Created window1 = Window(allowGUI=True, allowStencil=False, autoLog=True, backendConf=UNKNOWN, backgroundFit=<method-wrapper '__getattribute__' of attributeSetter object at 0x000002681F219600>, backgroundImage=<method-wrapper '__getattribute__' of attributeSetter object at 0x000002681F2195A0>, bitsMode=UNKNOWN, blendMode='avg', bpc=(8, 8, 8), color=array([0, 0, 0]), colorSpace='rgb', depthBits=8, fullscr=False, gamma=None, gammaErrorPolicy='raise', infoMsg=UNKNOWN, lms=UNKNOWN, monitor=<psychopy.monitors.calibTools.Monitor object at 0x000002681F2E0130>, multiSample=False, name='window1', numSamples=2, pos=[560.0, 140.0], screen=0, size=array([800, 800]), stencilBits=0, stereo=False, title='PsychoPy', units='height', useFBO=True, useRetina=False, viewOri=0.0, viewPos=None, viewScale=None, waitBlanking=True, winType='pyglet')
6.0820 	EXP 	window1: backgroundImage = ''
6.0820 	EXP 	window1: backgroundFit = 'none'
6.1389 	EXP 	window1: Attempting to measure frame rate of screen (0) ...
6.1389 	EXP 	window1: recordFrameIntervals = False
6.3012 	EXP 	window1: recordFrameIntervals = True
6.4849 	EXP 	Screen (0) actual frame rate measured at 59.89Hz
6.4850 	EXP 	window1: recordFrameIntervals = False
6.4954 	WARNING 	launchHubServer: If using the iohub mouse or eyetracker devices, fullScr should be True.
9.1071 	INFO 	keyboard.Keyboard is using iohub backend.
9.1072 	EXP 	game: status = STARTED
9.1151 	EXP 	Created background1 = ImageStim(__class__=<class 'psychopy.visual.image.ImageStim'>, anchor=('center', 'center'), autoLog=True, color=array([1., 1., 1.]), colorSpace='rgb', contrast=1.0, depth=0.0, draggable=False, flipHoriz=False, flipVert=False, image='Assets/7.png', interpolate=True, mask=None, maskParams=None, name='background1', opacity=1, ori=0.0, pos=array([0., 0.]), size=array([2., 1.]), texRes=128.0, units='height', win=Window(...))
9.1190 	EXP 	Created background2 = ImageStim(__class__=<class 'psychopy.visual.image.ImageStim'>, anchor=('center', 'center'), autoLog=True, color=array([1., 1., 1.]), colorSpace='rgb', contrast=1.0, depth=-1.0, draggable=False, flipHoriz=False, flipVert=False, image='Assets/7.png', interpolate=True, mask=None, maskParams=None, name='background2', opacity=1, ori=0.0, pos=array([0., 0.]), size=array([2., 1.]), texRes=128.0, units='height', win=Window(...))
9.1229 	EXP 	Created background3 = ImageStim(__class__=<class 'psychopy.visual.image.ImageStim'>, anchor=('center', 'center'), autoLog=True, color=array([1., 1., 1.]), colorSpace='rgb', contrast=1.0, depth=-2.0, draggable=False, flipHoriz=False, flipVert=False, image='Assets/7.png', interpolate=True, mask=None, maskParams=None, name='background3', opacity=1, ori=0.0, pos=array([0., 0.]), size=array([2., 1.]), texRes=128.0, units='height', win=Window(...))
9.1467 	EXP 	Created dino_image = ImageStim(__class__=<class 'psychopy.visual.image.ImageStim'>, anchor=('center', 'center'), autoLog=True, color=array([1., 1., 1.]), colorSpace='rgb', contrast=1.0, depth=-3.0, draggable=False, flipHoriz=False, flipVert=False, image='Assets/dino.png', interpolate=True, mask=None, maskParams=None, name='dino_image', opacity=1, ori=0.0, pos=array([0., 0.]), size=array([0.2, 0.2]), texRes=128.0, units='height', win=Window(...))
9.1477 	EXP 	Created floor1 = Rect(__class__=<class 'psychopy.visual.rect.Rect'>, anchor=('center', 'center'), autoDraw=False, autoLog=True, closeShape=True, color=method-wrapper(...), colorSpace='rgb', contrast=None, depth=-4.0, draggable=False, fillColor=array([-1., -1., -1.]), fillColorSpace='rgb', fillRGB=array([-1., -1., -1.]), interpolate=True, lineColor=array([-1., -1., -1.]), lineColorSpace='rgb', lineRGB=array([-1., -1., -1.]), lineWidth=1.0, name='floor1', opacity=1, ori=0.0, pos=array([-0.5, -0.5]), size=array([0.5, 0.3]), units='height', vertices=ndarray(...), win=Window(...))
9.1487 	EXP 	Created floor2 = Rect(__class__=<class 'psychopy.visual.rect.Rect'>, anchor=('center', 'center'), autoDraw=False, autoLog=True, closeShape=True, color=method-wrapper(...), colorSpace='rgb', contrast=None, depth=-5.0, draggable=False, fillColor=array([-1., -1., -1.]), fillColorSpace='rgb', fillRGB=array([-1., -1., -1.]), interpolate=True, lineColor=array([-1., -1., -1.]), lineColorSpace='rgb', lineRGB=array([-1., -1., -1.]), lineWidth=1.0, name='floor2', opacity=1, ori=0.0, pos=array([ 0. , -0.5]), size=array([0.5, 0.3]), units='height', vertices=ndarray(...), win=Window(...))
9.1488 	INFO 	keyboard.Keyboard is using iohub backend.
9.1693 	INFO 	saved data to C:\Users\Max Hoac\Desktop\Areyan\motor-learning-research-project\Game\data/827354_game_2024-12-17_14h39.03.077.psydat
9.1700 	INFO 	saved data to 'C:\\Users\\Max Hoac\\Desktop\\Areyan\\motor-learning-research-project\\Game\\data/827354_game_2024-12-17_14h39.03.077.csv'
