4.4708 	INFO 	Loaded monitor calibration from ['2024_11_11 13:57']
4.7701 	EXP 	Created window1 = Window(allowGUI=True, allowStencil=False, autoLog=True, backendConf=UNKNOWN, backgroundFit=<method-wrapper '__getattribute__' of attributeSetter object at 0x000001FB2D215780>, backgroundImage=<method-wrapper '__getattribute__' of attributeSetter object at 0x000001FB2D215720>, bitsMode=UNKNOWN, blendMode='avg', bpc=(8, 8, 8), color=array([0, 0, 0]), colorSpace='rgb', depthBits=8, fullscr=False, gamma=None, gammaErrorPolicy='raise', infoMsg=UNKNOWN, lms=UNKNOWN, monitor=<psychopy.monitors.calibTools.Monitor object at 0x000001FB2D2E2800>, multiSample=False, name='window1', numSamples=2, pos=[880.0, 240.0], screen=0, size=array([800, 600]), stencilBits=0, stereo=False, title='PsychoPy', units='height', useFBO=True, useRetina=False, viewOri=0.0, viewPos=None, viewScale=None, waitBlanking=True, winType='pyglet')
4.7702 	EXP 	window1: backgroundImage = ''
4.7702 	EXP 	window1: backgroundFit = 'none'
4.7767 	DEBUG 	TextBox2 loaded 1 chars with 0 blanks and 1 valid
4.7773 	DEBUG 	TextBox2 loaded 1 chars with 0 blanks and 1 valid
4.7780 	DEBUG 	TextBox2 loaded 1 chars with 0 blanks and 1 valid
4.7789 	DEBUG 	TextBox2 loaded 1 chars with 0 blanks and 1 valid
4.7797 	DEBUG 	TextBox2 loaded 1 chars with 0 blanks and 1 valid
4.7802 	DEBUG 	TextBox2 loaded 1 chars with 0 blanks and 1 valid
4.7808 	DEBUG 	TextBox2 loaded 1 chars with 0 blanks and 1 valid
4.7817 	DEBUG 	TextBox2 loaded 1 chars with 0 blanks and 1 valid
4.7820 	DEBUG 	TextBox2 loaded 1 chars with 0 blanks and 1 valid
4.7823 	DEBUG 	TextBox2 loaded 1 chars with 0 blanks and 1 valid
4.7830 	DEBUG 	TextBox2 loaded 1 chars with 0 blanks and 1 valid
4.7836 	DEBUG 	TextBox2 loaded 1 chars with 0 blanks and 1 valid
4.7843 	DEBUG 	TextBox2 loaded 1 chars with 0 blanks and 1 valid
4.7850 	DEBUG 	TextBox2 loaded 1 chars with 0 blanks and 1 valid
4.7855 	DEBUG 	TextBox2 loaded 1 chars with 0 blanks and 1 valid
4.7862 	DEBUG 	TextBox2 loaded 1 chars with 0 blanks and 1 valid
4.7869 	DEBUG 	TextBox2 loaded 1 chars with 0 blanks and 1 valid
4.7873 	DEBUG 	TextBox2 loaded 1 chars with 0 blanks and 1 valid
4.7877 	DEBUG 	TextBox2 loaded 1 chars with 0 blanks and 1 valid
4.7886 	DEBUG 	TextBox2 loaded 1 chars with 0 blanks and 1 valid
4.7890 	DEBUG 	TextBox2 loaded 1 chars with 0 blanks and 1 valid
4.7894 	DEBUG 	Uploading Texture Font fontname to graphics card
4.7918 	DEBUG 	Upload of Texture Font fontname complete
4.7976 	DEBUG 	TextBox2 loaded 1 chars with 0 blanks and 1 valid
4.7985 	DEBUG 	TextBox2 loaded 1 chars with 0 blanks and 1 valid
4.7994 	DEBUG 	TextBox2 loaded 1 chars with 0 blanks and 1 valid
4.7996 	DEBUG 	Uploading Texture Font fontname to graphics card
4.8005 	DEBUG 	Upload of Texture Font fontname complete
4.8021 	EXP 	window1: Attempting to measure frame rate of screen (0) ...
4.8021 	EXP 	window1: recordFrameIntervals = False
4.8555 	EXP 	window1: recordFrameIntervals = True
4.9099 	EXP 	Screen (0) actual frame rate measured at 199.97Hz
4.9099 	EXP 	window1: recordFrameIntervals = False
4.9154 	DEBUG 	TextBox2 loaded 1 chars with 0 blanks and 1 valid
4.9158 	DEBUG 	TextBox2 loaded 1 chars with 0 blanks and 1 valid
4.9166 	DEBUG 	TextBox2 loaded 1 chars with 0 blanks and 1 valid
4.9176 	DEBUG 	TextBox2 loaded 1 chars with 0 blanks and 1 valid
4.9186 	DEBUG 	TextBox2 loaded 1 chars with 0 blanks and 1 valid
4.9196 	DEBUG 	TextBox2 loaded 1 chars with 0 blanks and 1 valid
4.9201 	DEBUG 	TextBox2 loaded 1 chars with 0 blanks and 1 valid
4.9209 	DEBUG 	TextBox2 loaded 1 chars with 0 blanks and 1 valid
4.9218 	DEBUG 	TextBox2 loaded 1 chars with 0 blanks and 1 valid
4.9226 	DEBUG 	TextBox2 loaded 1 chars with 0 blanks and 1 valid
4.9229 	DEBUG 	Uploading Texture Font fontname to graphics card
4.9238 	DEBUG 	Upload of Texture Font fontname complete
4.9345 	WARNING 	launchHubServer: If using the iohub mouse or eyetracker devices, fullScr should be True.
7.2002 	INFO 	keyboard.Keyboard is using iohub backend.
7.2002 	EXP 	game: status = STARTED
7.2113 	EXP 	Created background1 = ImageStim(__class__=<class 'psychopy.visual.image.ImageStim'>, anchor=('center', 'center'), autoLog=True, color=array([1., 1., 1.]), colorSpace='rgb', contrast=1.0, depth=0.0, draggable=False, flipHoriz=False, flipVert=False, image='Assets/7.png', interpolate=True, mask=None, maskParams=None, name='background1', opacity=1, ori=0.0, pos=array([0., 0.]), size=array([2., 1.]), texRes=128.0, units='height', win=Window(...))
7.2210 	EXP 	Created background2 = ImageStim(__class__=<class 'psychopy.visual.image.ImageStim'>, anchor=('center', 'center'), autoLog=True, color=array([1., 1., 1.]), colorSpace='rgb', contrast=1.0, depth=-1.0, draggable=False, flipHoriz=False, flipVert=False, image='Assets/7.png', interpolate=True, mask=None, maskParams=None, name='background2', opacity=1, ori=0.0, pos=array([0., 0.]), size=array([2., 1.]), texRes=128.0, units='height', win=Window(...))
7.2308 	EXP 	Created background3 = ImageStim(__class__=<class 'psychopy.visual.image.ImageStim'>, anchor=('center', 'center'), autoLog=True, color=array([1., 1., 1.]), colorSpace='rgb', contrast=1.0, depth=-2.0, draggable=False, flipHoriz=False, flipVert=False, image='Assets/7.png', interpolate=True, mask=None, maskParams=None, name='background3', opacity=1, ori=0.0, pos=array([0., 0.]), size=array([2., 1.]), texRes=128.0, units='height', win=Window(...))
7.2906 	EXP 	Created dino_image = ImageStim(__class__=<class 'psychopy.visual.image.ImageStim'>, anchor=('center', 'center'), autoLog=True, color=array([1., 1., 1.]), colorSpace='rgb', contrast=1.0, depth=-3.0, draggable=False, flipHoriz=False, flipVert=False, image='Assets/dino.png', interpolate=True, mask=None, maskParams=None, name='dino_image', opacity=1, ori=0.0, pos=array([0., 0.]), size=array([0.2, 0.2]), texRes=128.0, units='height', win=Window(...))
7.2916 	EXP 	Created floor = Rect(__class__=<class 'psychopy.visual.rect.Rect'>, anchor=('center', 'center'), autoDraw=False, autoLog=True, closeShape=True, color=method-wrapper(...), colorSpace='rgb', contrast=None, depth=-4.0, draggable=False, fillColor=array([-1., -1., -1.]), fillColorSpace='rgb', fillRGB=array([-1., -1., -1.]), interpolate=True, lineColor=array([-1., -1., -1.]), lineColorSpace='rgb', lineRGB=array([-1., -1., -1.]), lineWidth=1.0, name='floor', opacity=1, ori=0.0, pos=array([ 0. , -0.5]), size=array([1. , 0.3]), units='height', vertices=ndarray(...), win=Window(...))
0.0197 	DEBUG 	Saving data for game ExperimentHandler
0.0205 	INFO 	saved data to D:\Users\areya\Desktop\work\motor-learning-research-project\Game\data/919205_game_2024-12-04_04h27.45.152.psydat
0.0212 	INFO 	saved data to 'D:\\Users\\areya\\Desktop\\work\\motor-learning-research-project\\Game\\data/919205_game_2024-12-04_04h27.45.152.csv'
